<?xml version="1.0" encoding="UTF-8"?>
<!-- Generated by org.testng.reporters.JUnitReportReporter -->
<testsuite hostname="DESKTOP-R8FA6O2" failures="0" tests="1" name="string_program.Print_Vowels_With_Duplicate" time="0.017" errors="0" timestamp="2024-02-14T09:43:47 IST" skipped="0">
  <testcase classname="string_program.Print_Vowels_With_Duplicate" name="VowelsDuplicate" time="0.017"/>
  <system-out/>
</testsuite> <!-- string_program.Print_Vowels_With_Duplicate -->
