<?xml version="1.0" encoding="UTF-8"?>
<!-- Generated by org.testng.reporters.JUnitReportReporter -->
<testsuite hostname="DESKTOP-R8FA6O2" failures="0" tests="1" name="MOCK_TEST.First_Min_And_Second_MinAnd_First_Max_And_Second_Max" time="0.025" errors="0" timestamp="2023-12-22T09:31:03 IST" skipped="0">
  <testcase classname="MOCK_TEST.First_Min_And_Second_MinAnd_First_Max_And_Second_Max" name="test" time="0.025"/>
  <system-out/>
</testsuite> <!-- MOCK_TEST.First_Min_And_Second_MinAnd_First_Max_And_Second_Max -->
