<?xml version="1.0" encoding="UTF-8"?>
<!-- Generated by org.testng.reporters.JUnitReportReporter -->
<testsuite hostname="DESKTOP-R8FA6O2" failures="0" tests="1" name="MOCK_TEST.Unique_RemoveDuplicate_Character_In_String" time="0.092" errors="0" timestamp="2024-05-10T10:31:56 IST" skipped="0">
  <testcase classname="MOCK_TEST.Unique_RemoveDuplicate_Character_In_String" name="Unique" time="0.092"/>
  <system-out/>
</testsuite> <!-- MOCK_TEST.Unique_RemoveDuplicate_Character_In_String -->
