<?xml version="1.0" encoding="UTF-8"?>
<!-- Generated by org.testng.reporters.JUnitReportReporter -->
<testsuite hostname="DESKTOP-R8FA6O2" failures="0" tests="1" name="string_program.Anagram" time="0.018" errors="0" timestamp="2024-02-16T12:21:23 IST" skipped="0">
  <testcase classname="string_program.Anagram" name="test" time="0.018"/>
  <system-out/>
</testsuite> <!-- string_program.Anagram -->
