<?xml version="1.0" encoding="UTF-8"?>
<!-- Generated by org.testng.reporters.JUnitReportReporter -->
<testsuite hostname="DESKTOP-R8FA6O2" failures="0" tests="1" name="string_program.String_Imp" time="0.033" errors="0" timestamp="2024-04-24T10:17:31 IST" skipped="0">
  <testcase classname="string_program.String_Imp" name="test" time="0.033"/>
  <system-out/>
</testsuite> <!-- string_program.String_Imp -->
