<?xml version="1.0" encoding="UTF-8"?>
<!-- Generated by org.testng.reporters.JUnitReportReporter -->
<testsuite hostname="DESKTOP-R8FA6O2" failures="0" tests="1" name="string_program.Longest_Palindrome_In_A_String" time="0.028" errors="0" timestamp="2024-03-26T15:08:58 IST" skipped="0">
  <testcase classname="string_program.Longest_Palindrome_In_A_String" name="longestPalindrome" time="0.028"/>
  <system-out/>
</testsuite> <!-- string_program.Longest_Palindrome_In_A_String -->
