<?xml version="1.0" encoding="UTF-8"?>
<!-- Generated by org.testng.reporters.JUnitReportReporter -->
<testsuite hostname="DESKTOP-R8FA6O2" failures="0" tests="1" name="string_program.Print_Repeated_Character_Position" time="0.013" errors="0" timestamp="2024-05-27T17:44:24 IST" skipped="0">
  <testcase classname="string_program.Print_Repeated_Character_Position" name="test" time="0.013"/>
  <system-out/>
</testsuite> <!-- string_program.Print_Repeated_Character_Position -->
