<?xml version="1.0" encoding="UTF-8"?>
<!-- Generated by org.testng.reporters.JUnitReportReporter -->
<testsuite hostname="DESKTOP-R8FA6O2" failures="0" tests="1" name="string_program.Sum_Of_Digits_In_String" time="0.018" errors="0" timestamp="2024-03-04T12:56:02 IST" skipped="0">
  <testcase classname="string_program.Sum_Of_Digits_In_String" name="SumOfDigitsInString1" time="0.018"/>
  <system-out/>
</testsuite> <!-- string_program.Sum_Of_Digits_In_String -->
