<?xml version="1.0" encoding="UTF-8"?>
<!-- Generated by org.testng.reporters.JUnitReportReporter -->
<testsuite hostname="DESKTOP-R8FA6O2" failures="0" tests="1" name="Number_Series_programs.Special_No" time="0.017" errors="0" timestamp="2024-04-16T15:58:14 IST" skipped="0">
  <testcase classname="Number_Series_programs.Special_No" name="test" time="0.017"/>
  <system-out/>
</testsuite> <!-- Number_Series_programs.Special_No -->
