<?xml version="1.0" encoding="UTF-8"?>
<!-- Generated by org.testng.reporters.JUnitReportReporter -->
<testsuite hostname="DESKTOP-R8FA6O2" failures="0" tests="1" name="Array_Practice_Program.Combination_of_Numbers" time="0.017" errors="0" timestamp="2024-02-23T10:32:19 IST" skipped="0">
  <testcase classname="Array_Practice_Program.Combination_of_Numbers" name="Combination" time="0.017"/>
  <system-out/>
</testsuite> <!-- Array_Practice_Program.Combination_of_Numbers -->
