<?xml version="1.0" encoding="UTF-8"?>
<!-- Generated by org.testng.reporters.JUnitReportReporter -->
<testsuite hostname="DESKTOP-R8FA6O2" failures="0" tests="1" name="string_program.Print_Consonant" time="0.042" errors="0" timestamp="2024-03-01T12:37:49 IST" skipped="0">
  <testcase classname="string_program.Print_Consonant" name="test" time="0.042"/>
  <system-out/>
</testsuite> <!-- string_program.Print_Consonant -->
