<?xml version="1.0" encoding="UTF-8"?>
<!-- Generated by org.testng.reporters.JUnitReportReporter -->
<testsuite hostname="DESKTOP-R8FA6O2" failures="0" tests="1" name="string_program.Print_Only_Duplicate_Character_InString_Using_LinkedHashSet" time="0.022" errors="0" timestamp="2023-12-07T14:59:20 IST" skipped="0">
  <testcase classname="string_program.Print_Only_Duplicate_Character_InString_Using_LinkedHashSet" name="t" time="0.022"/>
  <system-out/>
</testsuite> <!-- string_program.Print_Only_Duplicate_Character_InString_Using_LinkedHashSet -->
