<?xml version="1.0" encoding="UTF-8"?>
<!-- Generated by org.testng.reporters.JUnitReportReporter -->
<testsuite hostname="DESKTOP-R8FA6O2" failures="0" tests="1" name="Map.Map1" time="0.036" errors="0" timestamp="2023-12-06T12:58:02 IST" skipped="0">
  <testcase classname="Map.Map1" name="HashTable" time="0.036"/>
  <system-out/>
</testsuite> <!-- Map.Map1 -->
