<?xml version="1.0" encoding="UTF-8"?>
<!-- Generated by org.testng.reporters.JUnitReportReporter -->
<testsuite hostname="DESKTOP-R8FA6O2" failures="0" tests="1" name="string_program.Occurance_oF_Each_Character_In_String" time="0.022" errors="0" timestamp="2024-03-11T10:23:56 IST" skipped="0">
  <testcase classname="string_program.Occurance_oF_Each_Character_In_String" name="Occurance" time="0.022"/>
  <system-out/>
</testsuite> <!-- string_program.Occurance_oF_Each_Character_In_String -->
