<?xml version="1.0" encoding="UTF-8"?>
<!-- Generated by org.testng.reporters.JUnitReportReporter -->
<testsuite hostname="DESKTOP-R8FA6O2" failures="0" tests="1" name="string_program.Longest_SubString_In_A_String" time="0.040" errors="0" timestamp="2024-03-08T16:24:16 IST" skipped="0">
  <testcase classname="string_program.Longest_SubString_In_A_String" name="norepeate" time="0.040"/>
  <system-out/>
</testsuite> <!-- string_program.Longest_SubString_In_A_String -->
