<?xml version="1.0" encoding="UTF-8"?>
<!-- Generated by org.testng.reporters.JUnitReportReporter -->
<testsuite hostname="DESKTOP-R8FA6O2" failures="0" tests="1" name="string_program.Minumum_Length_In_A_String" time="0.171" errors="0" timestamp="2024-02-26T10:41:04 IST" skipped="0">
  <testcase classname="string_program.Minumum_Length_In_A_String" name="test" time="0.171"/>
  <system-out/>
</testsuite> <!-- string_program.Minumum_Length_In_A_String -->
