<?xml version="1.0" encoding="UTF-8"?>
<!-- Generated by org.testng.reporters.JUnitReportReporter -->
<testsuite hostname="DESKTOP-R8FA6O2" failures="0" tests="1" name="IBM.Remove_Integer_From_String" time="0.020" errors="0" timestamp="2024-06-10T16:31:29 IST" skipped="0">
  <testcase classname="IBM.Remove_Integer_From_String" name="test" time="0.020"/>
  <system-out/>
</testsuite> <!-- IBM.Remove_Integer_From_String -->
