<?xml version="1.0" encoding="UTF-8"?>
<!-- Generated by org.testng.reporters.JUnitReportReporter -->
<testsuite hostname="DESKTOP-R8FA6O2" failures="0" tests="1" name="Pattern_Program.Pattern10" time="0.047" errors="0" timestamp="2024-05-21T14:44:13 IST" skipped="0">
  <testcase classname="Pattern_Program.Pattern10" name="pat10" time="0.047"/>
  <system-out/>
</testsuite> <!-- Pattern_Program.Pattern10 -->
