<?xml version="1.0" encoding="UTF-8"?>
<!-- Generated by org.testng.reporters.JUnitReportReporter -->
<testsuite hostname="DESKTOP-R8FA6O2" failures="0" tests="1" name="Array_Practice_Program.Swap2_Nos_Using_3rd_Variable" time="0.020" errors="0" timestamp="2024-02-07T14:44:57 IST" skipped="0">
  <testcase classname="Array_Practice_Program.Swap2_Nos_Using_3rd_Variable" name="swap2number" time="0.020"/>
  <system-out/>
</testsuite> <!-- Array_Practice_Program.Swap2_Nos_Using_3rd_Variable -->
