<?xml version="1.0" encoding="UTF-8"?>
<!-- Generated by org.testng.reporters.JUnitReportReporter -->
<testsuite hostname="DESKTOP-R8FA6O2" failures="0" tests="1" name="string_program.Print_From_2nd_Alternate_Character" time="0.012" errors="0" timestamp="2024-06-11T12:21:17 IST" skipped="0">
  <testcase classname="string_program.Print_From_2nd_Alternate_Character" name="test" time="0.012"/>
  <system-out/>
</testsuite> <!-- string_program.Print_From_2nd_Alternate_Character -->
