<?xml version="1.0" encoding="UTF-8"?>
<!-- Generated by org.testng.reporters.JUnitReportReporter -->
<testsuite hostname="DESKTOP-R8FA6O2" failures="0" tests="1" name="Array_Practice_Program.a" time="0.019" errors="0" timestamp="2024-03-13T12:11:13 IST" skipped="0">
  <testcase classname="Array_Practice_Program.a" name="test" time="0.019"/>
  <system-out/>
</testsuite> <!-- Array_Practice_Program.a -->
