<?xml version="1.0" encoding="UTF-8"?>
<!-- Generated by org.testng.reporters.JUnitReportReporter -->
<testsuite hostname="DESKTOP-R8FA6O2" failures="0" tests="3" name="string_program.Assignment_Hashset_String_Programs" time="0.019" errors="0" timestamp="2024-06-05T16:32:08 IST" skipped="0">
  <testcase classname="string_program.Assignment_Hashset_String_Programs" name="OrderofOccurenceofEachWords" time="0.003"/>
  <system-out/>
  <testcase classname="string_program.Assignment_Hashset_String_Programs" name="OnlyDuplicatesWords" time="0.013"/>
  <system-out/>
  <testcase classname="string_program.Assignment_Hashset_String_Programs" name="RevomeRepeatedWordsORUNIQUEInTheString" time="0.003"/>
  <system-out/>
</testsuite> <!-- string_program.Assignment_Hashset_String_Programs -->
