<?xml version="1.0" encoding="UTF-8"?>
<!-- Generated by org.testng.reporters.JUnitReportReporter -->
<testsuite hostname="DESKTOP-R8FA6O2" failures="0" tests="2" name="string_program.A_Panagram" time="0.016" errors="0" timestamp="2024-05-15T16:04:08 IST" skipped="0">
  <testcase classname="string_program.A_Panagram" name="test11" time="0.003"/>
  <system-out/>
  <testcase classname="string_program.A_Panagram" name="test" time="0.013"/>
  <system-out/>
</testsuite> <!-- string_program.A_Panagram -->
