<?xml version="1.0" encoding="UTF-8"?>
<!-- Generated by org.testng.reporters.JUnitReportReporter -->
<testsuite hostname="DESKTOP-R8FA6O2" failures="0" tests="1" name="Number_Series_programs.Print_Odd_Number" time="0.018" errors="0" timestamp="2024-06-05T17:05:22 IST" skipped="0">
  <testcase classname="Number_Series_programs.Print_Odd_Number" name="test" time="0.018"/>
  <system-out/>
</testsuite> <!-- Number_Series_programs.Print_Odd_Number -->
