<?xml version="1.0" encoding="UTF-8"?>
<!-- Generated by org.testng.reporters.JUnitReportReporter -->
<testsuite hostname="DESKTOP-R8FA6O2" failures="0" tests="1" name="string_program.Print_First_Character_Into_LowerCase" time="0.056" errors="0" timestamp="2024-05-27T17:41:11 IST" skipped="0">
  <testcase classname="string_program.Print_First_Character_Into_LowerCase" name="Test" time="0.056"/>
  <system-out/>
</testsuite> <!-- string_program.Print_First_Character_Into_LowerCase -->
