<?xml version="1.0" encoding="UTF-8"?>
<!-- Generated by org.testng.reporters.JUnitReportReporter -->
<testsuite hostname="DESKTOP-R8FA6O2" failures="0" tests="1" name="string_program.Remove_Integer_And_Print_Character" time="0.012" errors="0" timestamp="2024-05-06T15:18:03 IST" skipped="0">
  <testcase classname="string_program.Remove_Integer_And_Print_Character" name="test1" time="0.012"/>
  <system-out/>
</testsuite> <!-- string_program.Remove_Integer_And_Print_Character -->
