<?xml version="1.0" encoding="UTF-8"?>
<!-- Generated by org.testng.reporters.JUnitReportReporter -->
<testsuite hostname="DESKTOP-R8FA6O2" failures="0" tests="4" name="string_program.Assignment_Map_String_Program" time="0.053" errors="0" timestamp="2023-12-08T09:54:24 IST" skipped="0">
  <testcase classname="string_program.Assignment_Map_String_Program" name="DuplicateOnlyWithCount" time="0.029"/>
  <system-out/>
  <testcase classname="string_program.Assignment_Map_String_Program" name="RevomeDuplicates" time="0.010"/>
  <system-out/>
  <testcase classname="string_program.Assignment_Map_String_Program" name="OrderOFOccurenceEachWord" time="0.006"/>
  <system-out/>
  <testcase classname="string_program.Assignment_Map_String_Program" name="UniquesWords" time="0.008"/>
  <system-out/>
</testsuite> <!-- string_program.Assignment_Map_String_Program -->
