<?xml version="1.0" encoding="UTF-8"?>
<!-- Generated by org.testng.reporters.JUnitReportReporter -->
<testsuite hostname="DESKTOP-R8FA6O2" failures="0" tests="1" name="string_program.Find_Minimunm_LengthValues_In_String_Array" time="0.023" errors="0" timestamp="2023-12-08T11:01:15 IST" skipped="0">
  <testcase classname="string_program.Find_Minimunm_LengthValues_In_String_Array" name="MinLength" time="0.023"/>
  <system-out/>
</testsuite> <!-- string_program.Find_Minimunm_LengthValues_In_String_Array -->
