<?xml version="1.0" encoding="UTF-8"?>
<!-- Generated by org.testng.reporters.JUnitReportReporter -->
<testsuite hostname="DESKTOP-R8FA6O2" failures="0" tests="1" name="string_program.a1b2c1" time="0.026" errors="0" timestamp="2024-04-23T16:33:04 IST" skipped="0">
  <testcase classname="string_program.a1b2c1" name="test" time="0.026"/>
  <system-out/>
</testsuite> <!-- string_program.a1b2c1 -->
