<?xml version="1.0" encoding="UTF-8"?>
<!-- Generated by org.testng.reporters.JUnitReportReporter -->
<testsuite hostname="DESKTOP-R8FA6O2" failures="0" tests="1" name="Pattern_Program.Pattern22_Reverse_Pyramid_star_Pattern" time="0.018" errors="0" timestamp="2024-05-31T12:34:27 IST" skipped="0">
  <testcase classname="Pattern_Program.Pattern22_Reverse_Pyramid_star_Pattern" name="test" time="0.018"/>
  <system-out/>
</testsuite> <!-- Pattern_Program.Pattern22_Reverse_Pyramid_star_Pattern -->
