<?xml version="1.0" encoding="UTF-8"?>
<!-- Generated by org.testng.reporters.JUnitReportReporter -->
<testsuite hostname="DESKTOP-R8FA6O2" failures="0" tests="1" name="Array_Practice_Program.Array_Ascending_WithOut_Bubblesort_Using_2IntegerArray" time="0.016" errors="0" timestamp="2024-04-07T16:04:32 IST" skipped="0">
  <testcase classname="Array_Practice_Program.Array_Ascending_WithOut_Bubblesort_Using_2IntegerArray" name="test" time="0.016"/>
  <system-out/>
</testsuite> <!-- Array_Practice_Program.Array_Ascending_WithOut_Bubblesort_Using_2IntegerArray -->
