<?xml version="1.0" encoding="UTF-8"?>
<!-- Generated by org.testng.reporters.JUnitReportReporter -->
<testsuite hostname="DESKTOP-R8FA6O2" failures="0" tests="1" name="string_program.String_Palindrome" time="0.016" errors="0" timestamp="2024-03-07T11:26:17 IST" skipped="0">
  <testcase classname="string_program.String_Palindrome" name="palindrome" time="0.016"/>
  <system-out/>
</testsuite> <!-- string_program.String_Palindrome -->
