<?xml version="1.0" encoding="UTF-8"?>
<!-- Generated by org.testng.reporters.JUnitReportReporter -->
<testsuite hostname="DESKTOP-R8FA6O2" failures="0" tests="1" name="Practice_Program.Array_Descending_bubbleSort" time="0.017" errors="0" timestamp="2023-12-06T16:19:31 IST" skipped="0">
  <testcase classname="Practice_Program.Array_Descending_bubbleSort" name="Ascending" time="0.017"/>
  <system-out/>
</testsuite> <!-- Practice_Program.Array_Descending_bubbleSort -->
