<?xml version="1.0" encoding="UTF-8"?>
<!-- Generated by org.testng.reporters.JUnitReportReporter -->
<testsuite hostname="DESKTOP-R8FA6O2" failures="0" tests="1" name="Array_Practice_Program.Sum_Of_Minimum3_No_InArray" time="0.026" errors="0" timestamp="2024-01-09T11:57:33 IST" skipped="0">
  <testcase classname="Array_Practice_Program.Sum_Of_Minimum3_No_InArray" name="sumofMinimum3NoinArray" time="0.026"/>
  <system-out/>
</testsuite> <!-- Array_Practice_Program.Sum_Of_Minimum3_No_InArray -->
