<?xml version="1.0" encoding="UTF-8"?>
<!-- Generated by org.testng.reporters.JUnitReportReporter -->
<testsuite hostname="DESKTOP-R8FA6O2" failures="0" tests="2" name="string_program.Reverse_Each_Word_In_String" time="0.028" errors="0" timestamp="2023-12-10T17:47:02 IST" skipped="0">
  <testcase classname="string_program.Reverse_Each_Word_In_String" name="ReverseWord2" time="0.006"/>
  <system-out/>
  <testcase classname="string_program.Reverse_Each_Word_In_String" name="ReverseWord1" time="0.022"/>
  <system-out/>
</testsuite> <!-- string_program.Reverse_Each_Word_In_String -->
