<?xml version="1.0" encoding="UTF-8"?>
<!-- Generated by org.testng.reporters.JUnitReportReporter -->
<testsuite hostname="DESKTOP-R8FA6O2" failures="0" tests="1" name="string_program.Sum_Of_Digits_In_String" time="0.059" errors="0" timestamp="2023-12-10T13:03:14 IST" skipped="0">
  <testcase classname="string_program.Sum_Of_Digits_In_String" name="SumOfDigitsInString" time="0.059"/>
  <system-out/>
</testsuite> <!-- string_program.Sum_Of_Digits_In_String -->
