<?xml version="1.0" encoding="UTF-8"?>
<!-- Generated by org.testng.reporters.JUnitReportReporter -->
<testsuite hostname="DESKTOP-R8FA6O2" failures="0" tests="1" name="IBM.Special_Charcter_Remain_Same_Print_Alphabet_In_Reverse" time="0.018" errors="0" timestamp="2024-06-11T12:18:04 IST" skipped="0">
  <testcase classname="IBM.Special_Charcter_Remain_Same_Print_Alphabet_In_Reverse" name="test" time="0.018"/>
  <system-out/>
</testsuite> <!-- IBM.Special_Charcter_Remain_Same_Print_Alphabet_In_Reverse -->
