<?xml version="1.0" encoding="UTF-8"?>
<!-- Generated by org.testng.reporters.JUnitReportReporter -->
<testsuite hostname="DESKTOP-R8FA6O2" failures="0" tests="1" name="Array_Practice_Program.First_MaximumNoArray_WithoutusingBuublesort" time="0.015" errors="0" timestamp="2024-03-13T12:15:51 IST" skipped="0">
  <testcase classname="Array_Practice_Program.First_MaximumNoArray_WithoutusingBuublesort" name="Maximum" time="0.015"/>
  <system-out/>
</testsuite> <!-- Array_Practice_Program.First_MaximumNoArray_WithoutusingBuublesort -->
