<?xml version="1.0" encoding="UTF-8"?>
<!-- Generated by org.testng.reporters.JUnitReportReporter -->
<testsuite hostname="DESKTOP-R8FA6O2" failures="0" tests="1" name="string_program.a_Emi_Calculator" time="71.748" errors="0" timestamp="2024-03-13T17:29:31 IST" skipped="0">
  <testcase classname="string_program.a_Emi_Calculator" name="test" time="71.748"/>
  <system-out/>
</testsuite> <!-- string_program.a_Emi_Calculator -->
