<?xml version="1.0" encoding="UTF-8"?>
<!-- Generated by org.testng.reporters.JUnitReportReporter -->
<testsuite hostname="DESKTOP-R8FA6O2" failures="0" tests="1" name="IBM.Largest_And_Smallest_In_Array" time="0.017" errors="0" timestamp="2024-06-10T16:30:08 IST" skipped="0">
  <testcase classname="IBM.Largest_And_Smallest_In_Array" name="test" time="0.017"/>
  <system-out/>
</testsuite> <!-- IBM.Largest_And_Smallest_In_Array -->
