<?xml version="1.0" encoding="UTF-8"?>
<!-- Generated by org.testng.reporters.JUnitReportReporter -->
<testsuite hostname="DESKTOP-R8FA6O2" failures="0" tests="1" name="string_program.Longest_Substring_In_A_String_WithOut_Vowels" time="0.012" errors="0" timestamp="2024-05-17T13:07:19 IST" skipped="0">
  <testcase classname="string_program.Longest_Substring_In_A_String_WithOut_Vowels" name="substringwithOutvowel" time="0.012"/>
  <system-out/>
</testsuite> <!-- string_program.Longest_Substring_In_A_String_WithOut_Vowels -->
