<?xml version="1.0" encoding="UTF-8"?>
<!-- Generated by org.testng.reporters.JUnitReportReporter -->
<testsuite hostname="DESKTOP-R8FA6O2" failures="0" tests="1" name="string_program.Swap_1st_And_LastWord_InString" time="0.019" errors="0" timestamp="2024-03-01T13:06:31 IST" skipped="0">
  <testcase classname="string_program.Swap_1st_And_LastWord_InString" name="Swap1stAndLastFromString" time="0.019"/>
  <system-out/>
</testsuite> <!-- string_program.Swap_1st_And_LastWord_InString -->
