<?xml version="1.0" encoding="UTF-8"?>
<!-- Generated by org.testng.reporters.JUnitReportReporter -->
<testsuite hostname="DESKTOP-R8FA6O2" failures="0" tests="1" name="string_program.Find_Maximum_LengthValues_In_String_Array" time="0.034" errors="0" timestamp="2024-01-09T18:29:49 IST" skipped="0">
  <testcase classname="string_program.Find_Maximum_LengthValues_In_String_Array" name="MaxLength" time="0.034"/>
  <system-out/>
</testsuite> <!-- string_program.Find_Maximum_LengthValues_In_String_Array -->
