<?xml version="1.0" encoding="UTF-8"?>
<!-- Generated by org.testng.reporters.JUnitReportReporter -->
<testsuite hostname="DESKTOP-R8FA6O2" failures="0" tests="2" name="Practice_Program.swap" time="0.028" errors="0" timestamp="2023-12-06T15:59:16 IST" skipped="0">
  <testcase classname="Practice_Program.swap" name="swap2numberwithoutusing3rdvariable" time="0.006"/>
  <system-out/>
  <testcase classname="Practice_Program.swap" name="swap2number" time="0.022"/>
  <system-out/>
</testsuite> <!-- Practice_Program.swap -->
