<?xml version="1.0" encoding="UTF-8"?>
<!-- Generated by org.testng.reporters.JUnitReportReporter -->
<testsuite hostname="DESKTOP-R8FA6O2" failures="0" tests="1" name="Pattern_Program.Pattern15_Reverse_Pyramid_Using_2Loop" time="0.019" errors="0" timestamp="2024-05-28T17:50:57 IST" skipped="0">
  <testcase classname="Pattern_Program.Pattern15_Reverse_Pyramid_Using_2Loop" name="test" time="0.019"/>
  <system-out/>
</testsuite> <!-- Pattern_Program.Pattern15_Reverse_Pyramid_Using_2Loop -->
