<?xml version="1.0" encoding="UTF-8"?>
<!-- Generated by org.testng.reporters.JUnitReportReporter -->
<testsuite hostname="DESKTOP-R8FA6O2" failures="0" tests="1" name="IBM.Reverse_Particular_Word_From_Sentence" time="0.067" errors="0" timestamp="2024-06-10T15:43:59 IST" skipped="0">
  <testcase classname="IBM.Reverse_Particular_Word_From_Sentence" name="test" time="0.067"/>
  <system-out/>
</testsuite> <!-- IBM.Reverse_Particular_Word_From_Sentence -->
