<?xml version="1.0" encoding="UTF-8"?>
<!-- Generated by org.testng.reporters.JUnitReportReporter -->
<testsuite hostname="DESKTOP-R8FA6O2" failures="0" tests="1" name="Map.HashTable1_Test" time="0.038" errors="0" timestamp="2023-12-06T14:37:53 IST" skipped="0">
  <testcase classname="Map.HashTable1_Test" name="HashTable" time="0.038"/>
  <system-out/>
</testsuite> <!-- Map.HashTable1_Test -->
