<?xml version="1.0" encoding="UTF-8"?>
<!-- Generated by org.testng.reporters.JUnitReportReporter -->
<testsuite hostname="DESKTOP-R8FA6O2" failures="0" tests="1" name="string_program.String_Imp2" time="0.016" errors="0" timestamp="2023-12-10T17:49:55 IST" skipped="0">
  <testcase classname="string_program.String_Imp2" name="test" time="0.016"/>
  <system-out/>
</testsuite> <!-- string_program.String_Imp2 -->
