<?xml version="1.0" encoding="UTF-8"?>
<!-- Generated by org.testng.reporters.JUnitReportReporter -->
<testsuite hostname="DESKTOP-R8FA6O2" failures="0" tests="1" name="Pattern_Program.Pattern12_Pyramid_Using_Single_Loop" time="0.016" errors="0" timestamp="2024-05-28T16:16:03 IST" skipped="0">
  <testcase classname="Pattern_Program.Pattern12_Pyramid_Using_Single_Loop" name="test1" time="0.016"/>
  <system-out/>
</testsuite> <!-- Pattern_Program.Pattern12_Pyramid_Using_Single_Loop -->
