<?xml version="1.0" encoding="UTF-8"?>
<!-- Generated by org.testng.reporters.JUnitReportReporter -->
<testsuite hostname="DESKTOP-R8FA6O2" failures="0" tests="1" name="IBM.aaabbbc" time="0.013" errors="0" timestamp="2024-06-06T16:13:35 IST" skipped="0">
  <testcase classname="IBM.aaabbbc" name="test" time="0.013"/>
  <system-out/>
</testsuite> <!-- IBM.aaabbbc -->
