<?xml version="1.0" encoding="UTF-8"?>
<!-- Generated by org.testng.reporters.JUnitReportReporter -->
<testsuite hostname="DESKTOP-R8FA6O2" failures="0" tests="1" name="Array_Practice_Program.Mindtree" time="14.625" errors="0" timestamp="2024-05-17T15:59:16 IST" skipped="0">
  <testcase classname="Array_Practice_Program.Mindtree" name="test31" time="14.625"/>
  <system-out/>
</testsuite> <!-- Array_Practice_Program.Mindtree -->
