<?xml version="1.0" encoding="UTF-8"?>
<!-- Generated by org.testng.reporters.JUnitReportReporter -->
<testsuite hostname="DESKTOP-R8FA6O2" failures="0" tests="1" name="Array_Practice_Program.Combination_of_Numbers" time="0.048" errors="0" timestamp="2024-03-11T10:59:59 IST" skipped="0">
  <testcase classname="Array_Practice_Program.Combination_of_Numbers" name="Combination1" time="0.048"/>
  <system-out/>
</testsuite> <!-- Array_Practice_Program.Combination_of_Numbers -->
