<?xml version="1.0" encoding="UTF-8"?>
<!-- Generated by org.testng.reporters.JUnitReportReporter -->
<testsuite hostname="DESKTOP-R8FA6O2" failures="0" tests="1" name="Collection.Linkedlist1" time="0.016" errors="0" timestamp="2023-12-10T11:36:52 IST" skipped="0">
  <testcase classname="Collection.Linkedlist1" name="LinkedList" time="0.016"/>
  <system-out/>
</testsuite> <!-- Collection.Linkedlist1 -->
