<?xml version="1.0" encoding="UTF-8"?>
<!-- Generated by org.testng.reporters.JUnitReportReporter -->
<testsuite hostname="DESKTOP-R8FA6O2" failures="0" tests="1" name="IBM.Conver_Alternate_Character_Into_LowerCase_From_String" time="0.023" errors="0" timestamp="2024-06-11T13:09:37 IST" skipped="0">
  <testcase classname="IBM.Conver_Alternate_Character_Into_LowerCase_From_String" name="test" time="0.023"/>
  <system-out/>
</testsuite> <!-- IBM.Conver_Alternate_Character_Into_LowerCase_From_String -->
