<?xml version="1.0" encoding="UTF-8"?>
<!-- Generated by org.testng.reporters.JUnitReportReporter -->
<testsuite hostname="DESKTOP-R8FA6O2" failures="0" tests="4" name="string_program.Assignment_Map_With_Arrays_Program" time="0.029" errors="0" timestamp="2023-12-10T15:14:49 IST" skipped="0">
  <testcase classname="string_program.Assignment_Map_With_Arrays_Program" name="OccurenceofEachNumber" time="0.016"/>
  <system-out/>
  <testcase classname="string_program.Assignment_Map_With_Arrays_Program" name="RemoveDuplicates" time="0.004"/>
  <system-out/>
  <testcase classname="string_program.Assignment_Map_With_Arrays_Program" name="OnlyDuplicateNum" time="0.004"/>
  <system-out/>
  <testcase classname="string_program.Assignment_Map_With_Arrays_Program" name="UniqueNumber" time="0.005"/>
  <system-out/>
</testsuite> <!-- string_program.Assignment_Map_With_Arrays_Program -->
