<?xml version="1.0" encoding="UTF-8"?>
<!-- Generated by org.testng.reporters.JUnitReportReporter -->
<testsuite hostname="DESKTOP-R8FA6O2" failures="0" tests="1" name="string_program.a" time="0.026" errors="0" timestamp="2023-12-07T14:53:01 IST" skipped="0">
  <testcase classname="string_program.a" name="t" time="0.026"/>
  <system-out/>
</testsuite> <!-- string_program.a -->
