<?xml version="1.0" encoding="UTF-8"?>
<!-- Generated by org.testng.reporters.JUnitReportReporter -->
<testsuite hostname="DESKTOP-R8FA6O2" failures="0" tests="1" name="string_program.Remove_Consecutive_Character" time="0.015" errors="0" timestamp="2024-05-30T17:23:26 IST" skipped="0">
  <testcase classname="string_program.Remove_Consecutive_Character" name="test" time="0.015"/>
  <system-out/>
</testsuite> <!-- string_program.Remove_Consecutive_Character -->
