<?xml version="1.0" encoding="UTF-8"?>
<!-- Generated by org.testng.reporters.JUnitReportReporter -->
<testsuite hostname="DESKTOP-R8FA6O2" failures="0" tests="1" name="Collection.TreeSet1" time="0.041" errors="0" timestamp="2023-12-10T11:39:49 IST" skipped="0">
  <testcase classname="Collection.TreeSet1" name="linkedhashset" time="0.041"/>
  <system-out/>
</testsuite> <!-- Collection.TreeSet1 -->
