<?xml version="1.0" encoding="UTF-8"?>
<!-- Generated by org.testng.reporters.JUnitReportReporter -->
<testsuite hostname="DESKTOP-R8FA6O2" failures="0" tests="1" name="Array_Practice_Program.Array_1st_Max_2nd_Max_1st_Min_2nd_Min_" time="0.028" errors="0" timestamp="2024-05-28T14:43:00 IST" skipped="0">
  <testcase classname="Array_Practice_Program.Array_1st_Max_2nd_Max_1st_Min_2nd_Min_" name="test" time="0.028"/>
  <system-out/>
</testsuite> <!-- Array_Practice_Program.Array_1st_Max_2nd_Max_1st_Min_2nd_Min_ -->
