<?xml version="1.0" encoding="UTF-8"?>
<!-- Generated by org.testng.reporters.JUnitReportReporter -->
<testsuite hostname="DESKTOP-R8FA6O2" failures="0" tests="1" name="IBM.Space_In_String" time="0.018" errors="0" timestamp="2024-06-11T12:11:43 IST" skipped="0">
  <testcase classname="IBM.Space_In_String" name="test" time="0.018"/>
  <system-out/>
</testsuite> <!-- IBM.Space_In_String -->
