<?xml version="1.0" encoding="UTF-8"?>
<!-- Generated by org.testng.reporters.JUnitReportReporter -->
<testsuite hostname="DESKTOP-R8FA6O2" failures="0" tests="1" name="Practice_Program.Sum_Of_Minimum3_No_InArray" time="0.018" errors="0" timestamp="2023-12-06T16:40:17 IST" skipped="0">
  <testcase classname="Practice_Program.Sum_Of_Minimum3_No_InArray" name="sumofMinimum3NoinArray" time="0.018"/>
  <system-out/>
</testsuite> <!-- Practice_Program.Sum_Of_Minimum3_No_InArray -->
