<?xml version="1.0" encoding="UTF-8"?>
<!-- Generated by org.testng.reporters.JUnitReportReporter -->
<testsuite hostname="DESKTOP-R8FA6O2" failures="0" tests="1" name="Array_Practice_Program.Second_MaximumNoArray_WithoutusingBubblesort" time="0.018" errors="0" timestamp="2024-03-29T17:37:59 IST" skipped="0">
  <testcase classname="Array_Practice_Program.Second_MaximumNoArray_WithoutusingBubblesort" name="test2" time="0.018"/>
  <system-out/>
</testsuite> <!-- Array_Practice_Program.Second_MaximumNoArray_WithoutusingBubblesort -->
