<?xml version="1.0" encoding="UTF-8"?>
<!-- Generated by org.testng.reporters.JUnitReportReporter -->
<testsuite hostname="DESKTOP-R8FA6O2" failures="0" tests="1" name="string_program.String_Palindrome" time="0.018" errors="0" timestamp="2024-02-06T11:07:28 IST" skipped="0">
  <testcase classname="string_program.String_Palindrome" name="palindrome" time="0.018"/>
  <system-out/>
</testsuite> <!-- string_program.String_Palindrome -->
