<?xml version="1.0" encoding="UTF-8"?>
<!-- Generated by org.testng.reporters.JUnitReportReporter -->
<testsuite hostname="DESKTOP-R8FA6O2" failures="0" tests="1" name="string_program.Occurance_Of_EachCharacter_Using_LinkedHashSet" time="0.018" errors="0" timestamp="2024-02-29T10:11:55 IST" skipped="0">
  <testcase classname="string_program.Occurance_Of_EachCharacter_Using_LinkedHashSet" name="test" time="0.018"/>
  <system-out/>
</testsuite> <!-- string_program.Occurance_Of_EachCharacter_Using_LinkedHashSet -->
