<?xml version="1.0" encoding="UTF-8"?>
<!-- Generated by org.testng.reporters.JUnitReportReporter -->
<testsuite hostname="DESKTOP-R8FA6O2" failures="0" tests="1" name="string_program.Print_Vowels_With_Duplicate" time="0.018" errors="0" timestamp="2023-12-10T18:35:00 IST" skipped="0">
  <testcase classname="string_program.Print_Vowels_With_Duplicate" name="VowelsDuplicate" time="0.018"/>
  <system-out/>
</testsuite> <!-- string_program.Print_Vowels_With_Duplicate -->
