<?xml version="1.0" encoding="UTF-8"?>
<!-- Generated by org.testng.reporters.JUnitReportReporter -->
<testsuite hostname="DESKTOP-R8FA6O2" failures="0" tests="1" name="Map.LinkedHashMap1" time="0.017" errors="0" timestamp="2023-12-06T13:16:03 IST" skipped="0">
  <testcase classname="Map.LinkedHashMap1" name="HashTable" time="0.017"/>
  <system-out/>
</testsuite> <!-- Map.LinkedHashMap1 -->
