<?xml version="1.0" encoding="UTF-8"?>
<!-- Generated by org.testng.reporters.JUnitReportReporter -->
<testsuite hostname="DESKTOP-R8FA6O2" failures="0" tests="1" name="MOCK_TEST.String1" time="0.016" errors="0" timestamp="2024-01-09T12:26:08 IST" skipped="0">
  <testcase classname="MOCK_TEST.String1" name="test" time="0.016"/>
  <system-out/>
</testsuite> <!-- MOCK_TEST.String1 -->
