<?xml version="1.0" encoding="UTF-8"?>
<!-- Generated by org.testng.reporters.JUnitReportReporter -->
<testsuite hostname="DESKTOP-R8FA6O2" failures="0" tests="1" name="Pattern_Program.Pattern3" time="0.057" errors="0" timestamp="2024-05-07T15:14:22 IST" skipped="0">
  <testcase classname="Pattern_Program.Pattern3" name="pat3" time="0.057"/>
  <system-out/>
</testsuite> <!-- Pattern_Program.Pattern3 -->
