<?xml version="1.0" encoding="UTF-8"?>
<!-- Generated by org.testng.reporters.JUnitReportReporter -->
<testsuite hostname="DESKTOP-R8FA6O2" failures="0" tests="1" name="Array_Practice_Program.Print_Repetaed_Numbers_With_Position" time="0.018" errors="0" timestamp="2024-03-04T15:18:14 IST" skipped="0">
  <testcase classname="Array_Practice_Program.Print_Repetaed_Numbers_With_Position" name="position1" time="0.018"/>
  <system-out/>
</testsuite> <!-- Array_Practice_Program.Print_Repetaed_Numbers_With_Position -->
