<?xml version="1.0" encoding="UTF-8"?>
<!-- Generated by org.testng.reporters.JUnitReportReporter -->
<testsuite hostname="DESKTOP-R8FA6O2" failures="0" tests="1" name="Collection.Linkedlist1" time="0.040" errors="0" timestamp="2024-01-09T23:49:59 IST" skipped="0">
  <testcase classname="Collection.Linkedlist1" name="LinkedList" time="0.040"/>
  <system-out/>
</testsuite> <!-- Collection.Linkedlist1 -->
