<?xml version="1.0" encoding="UTF-8"?>
<!-- Generated by org.testng.reporters.JUnitReportReporter -->
<testsuite hostname="DESKTOP-R8FA6O2" failures="0" tests="1" name="string_program.Unique_RemoveDuplicate_Character_In_String" time="0.021" errors="0" timestamp="2024-04-02T11:33:03 IST" skipped="0">
  <testcase classname="string_program.Unique_RemoveDuplicate_Character_In_String" name="Unique" time="0.021"/>
  <system-out/>
</testsuite> <!-- string_program.Unique_RemoveDuplicate_Character_In_String -->
