<?xml version="1.0" encoding="UTF-8"?>
<!-- Generated by org.testng.reporters.JUnitReportReporter -->
<testsuite hostname="DESKTOP-R8FA6O2" failures="0" tests="1" name="Number_Series_programs.Prime_No_In_Array" time="0.018" errors="0" timestamp="2023-12-08T15:31:18 IST" skipped="0">
  <testcase classname="Number_Series_programs.Prime_No_In_Array" name="PrimeInArray" time="0.018"/>
  <system-out/>
</testsuite> <!-- Number_Series_programs.Prime_No_In_Array -->
