<?xml version="1.0" encoding="UTF-8"?>
<!-- Generated by org.testng.reporters.JUnitReportReporter -->
<testsuite hostname="DESKTOP-R8FA6O2" failures="0" tests="1" name="Array_Practice_Program.Array_Ascending_WithOut_Bubblesort_Using_2IntegerArray" time="0.015" errors="0" timestamp="2024-02-22T15:11:21 IST" skipped="0">
  <testcase classname="Array_Practice_Program.Array_Ascending_WithOut_Bubblesort_Using_2IntegerArray" name="test" time="0.015"/>
  <system-out/>
</testsuite> <!-- Array_Practice_Program.Array_Ascending_WithOut_Bubblesort_Using_2IntegerArray -->
