<?xml version="1.0" encoding="UTF-8"?>
<!-- Generated by org.testng.reporters.JUnitReportReporter -->
<testsuite hostname="DESKTOP-R8FA6O2" failures="0" tests="1" name="string_program.Sum_Of_Digits_In_String" time="0.015" errors="0" timestamp="2024-05-13T14:16:58 IST" skipped="0">
  <testcase classname="string_program.Sum_Of_Digits_In_String" name="test14" time="0.015"/>
  <system-out/>
</testsuite> <!-- string_program.Sum_Of_Digits_In_String -->
