<?xml version="1.0" encoding="UTF-8"?>
<!-- Generated by org.testng.reporters.JUnitReportReporter -->
<testsuite hostname="DESKTOP-R8FA6O2" failures="0" tests="1" name="Array_Practice_Program.All_Ones_Are_OneSide_And_Zeros_OneSide" time="0.111" errors="0" timestamp="2024-05-17T18:11:26 IST" skipped="0">
  <testcase classname="Array_Practice_Program.All_Ones_Are_OneSide_And_Zeros_OneSide" name="test" time="0.111"/>
  <system-out/>
</testsuite> <!-- Array_Practice_Program.All_Ones_Are_OneSide_And_Zeros_OneSide -->
