<?xml version="1.0" encoding="UTF-8"?>
<!-- Generated by org.testng.reporters.JUnitReportReporter -->
<testsuite hostname="DESKTOP-R8FA6O2" failures="0" tests="1" name="Array_Practice_Program.a1b2c1" time="0.019" errors="0" timestamp="2024-03-04T14:57:33 IST" skipped="0">
  <testcase classname="Array_Practice_Program.a1b2c1" name="test" time="0.019"/>
  <system-out/>
</testsuite> <!-- Array_Practice_Program.a1b2c1 -->
