<?xml version="1.0" encoding="UTF-8"?>
<!-- Generated by org.testng.reporters.JUnitReportReporter -->
<testsuite hostname="DESKTOP-R8FA6O2" failures="0" tests="1" name="string_program.Print_First_Character_Into_LowerCase" time="0.086" errors="0" timestamp="2024-06-11T12:19:06 IST" skipped="0">
  <testcase classname="string_program.Print_First_Character_Into_LowerCase" name="test" time="0.086"/>
  <system-out/>
</testsuite> <!-- string_program.Print_First_Character_Into_LowerCase -->
