<?xml version="1.0" encoding="UTF-8"?>
<!-- Generated by org.testng.reporters.JUnitReportReporter -->
<testsuite hostname="DESKTOP-R8FA6O2" failures="0" tests="1" name="Collection.LinkedHashSet1" time="0.021" errors="0" timestamp="2023-12-06T12:38:30 IST" skipped="0">
  <testcase classname="Collection.LinkedHashSet1" name="linkedhashset" time="0.021"/>
  <system-out/>
</testsuite> <!-- Collection.LinkedHashSet1 -->
