<?xml version="1.0" encoding="UTF-8"?>
<!-- Generated by org.testng.reporters.JUnitReportReporter -->
<testsuite hostname="DESKTOP-R8FA6O2" failures="0" tests="1" name="Collection.Arraylist1" time="0.017" errors="0" timestamp="2024-01-09T23:38:33 IST" skipped="0">
  <testcase classname="Collection.Arraylist1" name="ArrayList" time="0.017"/>
  <system-out/>
</testsuite> <!-- Collection.Arraylist1 -->
