<?xml version="1.0" encoding="UTF-8"?>
<!-- Generated by org.testng.reporters.JUnitReportReporter -->
<testsuite hostname="DESKTOP-R8FA6O2" failures="0" tests="1" name="Map.HashMap1" time="0.020" errors="0" timestamp="2023-12-06T13:15:18 IST" skipped="0">
  <testcase classname="Map.HashMap1" name="HashTable" time="0.020"/>
  <system-out/>
</testsuite> <!-- Map.HashMap1 -->
