<?xml version="1.0" encoding="UTF-8"?>
<!-- Generated by org.testng.reporters.JUnitReportReporter -->
<testsuite hostname="DESKTOP-R8FA6O2" failures="0" tests="1" name="Collection.Coll" time="0.018" errors="0" timestamp="2023-12-06T10:45:42 IST" skipped="0">
  <testcase classname="Collection.Coll" name="arrayList" time="0.018"/>
  <system-out/>
</testsuite> <!-- Collection.Coll -->
