<?xml version="1.0" encoding="UTF-8"?>
<!-- Generated by org.testng.reporters.JUnitReportReporter -->
<testsuite hostname="DESKTOP-R8FA6O2" failures="0" tests="1" name="Map.HashMap1_Test" time="0.020" errors="0" timestamp="2023-12-06T14:25:33 IST" skipped="0">
  <testcase classname="Map.HashMap1_Test" name="HashMap" time="0.020"/>
  <system-out/>
</testsuite> <!-- Map.HashMap1_Test -->
