<?xml version="1.0" encoding="UTF-8"?>
<!-- Generated by org.testng.reporters.JUnitReportReporter -->
<testsuite hostname="DESKTOP-R8FA6O2" failures="0" tests="1" name="IBM.Reverse_String_With_Space_Remains_Same" time="0.013" errors="0" timestamp="2024-06-10T15:44:09 IST" skipped="0">
  <testcase classname="IBM.Reverse_String_With_Space_Remains_Same" name="test" time="0.013"/>
  <system-out/>
</testsuite> <!-- IBM.Reverse_String_With_Space_Remains_Same -->
