<?xml version="1.0" encoding="UTF-8"?>
<!-- Generated by org.testng.reporters.JUnitReportReporter -->
<testsuite hostname="DESKTOP-R8FA6O2" failures="0" tests="1" name="IBM.Print_First_Character_Into_Upper_Case" time="0.017" errors="0" timestamp="2024-06-11T12:20:54 IST" skipped="0">
  <testcase classname="IBM.Print_First_Character_Into_Upper_Case" name="test" time="0.017"/>
  <system-out/>
</testsuite> <!-- IBM.Print_First_Character_Into_Upper_Case -->
