<?xml version="1.0" encoding="UTF-8"?>
<!-- Generated by org.testng.reporters.JUnitReportReporter -->
<testsuite hostname="DESKTOP-R8FA6O2" failures="0" tests="1" name="Pattern_Program.Pattern5" time="0.021" errors="0" timestamp="2024-04-30T15:00:21 IST" skipped="0">
  <testcase classname="Pattern_Program.Pattern5" name="pat5" time="0.021"/>
  <system-out/>
</testsuite> <!-- Pattern_Program.Pattern5 -->
