<?xml version="1.0" encoding="UTF-8"?>
<!-- Generated by org.testng.reporters.JUnitReportReporter -->
<testsuite hostname="DESKTOP-R8FA6O2" failures="0" tests="1" name="string_program.Reverse_Particular_Word_From_Sentence" time="0.018" errors="0" timestamp="2024-06-04T17:52:57 IST" skipped="0">
  <testcase classname="string_program.Reverse_Particular_Word_From_Sentence" name="test" time="0.018"/>
  <system-out/>
</testsuite> <!-- string_program.Reverse_Particular_Word_From_Sentence -->
