<?xml version="1.0" encoding="UTF-8"?>
<!-- Generated by org.testng.reporters.JUnitReportReporter -->
<testsuite hostname="DESKTOP-R8FA6O2" failures="0" tests="1" name="Array_Practice_Program.MaximumNoArray_WithPosition" time="0.017" errors="0" timestamp="2024-05-23T15:49:59 IST" skipped="0">
  <testcase classname="Array_Practice_Program.MaximumNoArray_WithPosition" name="Maximum" time="0.017"/>
  <system-out/>
</testsuite> <!-- Array_Practice_Program.MaximumNoArray_WithPosition -->
