<?xml version="1.0" encoding="UTF-8"?>
<!-- Generated by org.testng.reporters.JUnitReportReporter -->
<testsuite hostname="DESKTOP-R8FA6O2" failures="0" tests="1" name="string_program.Assignment_Map_Arrays_Program" time="0.013" errors="0" timestamp="2024-04-29T11:44:54 IST" skipped="0">
  <testcase classname="string_program.Assignment_Map_Arrays_Program" name="RemoveDuplicatesORUNIQUE" time="0.013"/>
  <system-out/>
</testsuite> <!-- string_program.Assignment_Map_Arrays_Program -->
