<?xml version="1.0" encoding="UTF-8"?>
<!-- Generated by org.testng.reporters.JUnitReportReporter -->
<testsuite hostname="DESKTOP-R8FA6O2" failures="0" tests="1" name="string_program.Remove_Integer_And_Print_Character" time="0.018" errors="0" timestamp="2024-04-07T16:32:40 IST" skipped="0">
  <testcase classname="string_program.Remove_Integer_And_Print_Character" name="test2" time="0.018"/>
  <system-out/>
</testsuite> <!-- string_program.Remove_Integer_And_Print_Character -->
