<?xml version="1.0" encoding="UTF-8"?>
<!-- Generated by org.testng.reporters.JUnitReportReporter -->
<testsuite hostname="DESKTOP-R8FA6O2" failures="0" tests="1" name="Number_Series_programs.Tribonacci" time="0.020" errors="0" timestamp="2024-03-13T14:19:17 IST" skipped="0">
  <testcase classname="Number_Series_programs.Tribonacci" name="test1" time="0.020"/>
  <system-out/>
</testsuite> <!-- Number_Series_programs.Tribonacci -->
