<?xml version="1.0" encoding="UTF-8"?>
<!-- Generated by org.testng.reporters.JUnitReportReporter -->
<testsuite hostname="DESKTOP-R8FA6O2" failures="0" tests="1" name="string_program.Reverse_String" time="0.052" errors="0" timestamp="2024-03-05T17:31:03 IST" skipped="0">
  <testcase classname="string_program.Reverse_String" name="ReverseString" time="0.052"/>
  <system-out/>
</testsuite> <!-- string_program.Reverse_String -->
