<?xml version="1.0" encoding="UTF-8"?>
<!-- Generated by org.testng.reporters.JUnitReportReporter -->
<testsuite hostname="DESKTOP-R8FA6O2" failures="0" tests="1" name="Pattern_Program.Pattern6" time="0.018" errors="0" timestamp="2024-04-30T16:05:32 IST" skipped="0">
  <testcase classname="Pattern_Program.Pattern6" name="pat6" time="0.018"/>
  <system-out/>
</testsuite> <!-- Pattern_Program.Pattern6 -->
