<?xml version="1.0" encoding="UTF-8"?>
<!-- Generated by org.testng.reporters.JUnitReportReporter -->
<testsuite hostname="DESKTOP-R8FA6O2" failures="0" tests="1" name="Pattern_Program.Pattern1" time="0.021" errors="0" timestamp="2024-05-23T13:10:41 IST" skipped="0">
  <testcase classname="Pattern_Program.Pattern1" name="Right" time="0.021"/>
  <system-out/>
</testsuite> <!-- Pattern_Program.Pattern1 -->
