<?xml version="1.0" encoding="UTF-8"?>
<!-- Generated by org.testng.reporters.JUnitReportReporter -->
<testsuite hostname="DESKTOP-R8FA6O2" failures="0" tests="1" name="string_program.Reverse_the_Last_Half_String" time="0.026" errors="0" timestamp="2024-04-16T15:15:37 IST" skipped="0">
  <testcase classname="string_program.Reverse_the_Last_Half_String" name="test11" time="0.026"/>
  <system-out/>
</testsuite> <!-- string_program.Reverse_the_Last_Half_String -->
