<?xml version="1.0" encoding="UTF-8"?>
<!-- Generated by org.testng.reporters.JUnitReportReporter -->
<testsuite hostname="DESKTOP-R8FA6O2" failures="0" tests="1" name="string_program.Reverse_Character_Special_Position_Same" time="0.013" errors="0" timestamp="2024-04-23T16:05:23 IST" skipped="0">
  <testcase classname="string_program.Reverse_Character_Special_Position_Same" name="test" time="0.013"/>
  <system-out/>
</testsuite> <!-- string_program.Reverse_Character_Special_Position_Same -->
