<?xml version="1.0" encoding="UTF-8"?>
<!-- Generated by org.testng.reporters.JUnitReportReporter -->
<testsuite hostname="DESKTOP-R8FA6O2" failures="0" tests="1" name="string_program.String_Imp" time="0.069" errors="0" timestamp="2024-02-22T14:28:58 IST" skipped="0">
  <testcase classname="string_program.String_Imp" name="test" time="0.069"/>
  <system-out/>
</testsuite> <!-- string_program.String_Imp -->
