<?xml version="1.0" encoding="UTF-8"?>
<!-- Generated by org.testng.reporters.JUnitReportReporter -->
<testsuite hostname="DESKTOP-R8FA6O2" failures="0" tests="1" name="Pattern_Program.Pattern1" time="0.018" errors="0" timestamp="2024-04-30T14:47:14 IST" skipped="0">
  <testcase classname="Pattern_Program.Pattern1" name="Pat1" time="0.018"/>
  <system-out/>
</testsuite> <!-- Pattern_Program.Pattern1 -->
