<?xml version="1.0" encoding="UTF-8"?>
<!-- Generated by org.testng.reporters.JUnitReportReporter -->
<testsuite hostname="DESKTOP-R8FA6O2" failures="0" tests="1" name="string_program.String_Imp2" time="0.019" errors="0" timestamp="2024-03-13T13:20:30 IST" skipped="0">
  <testcase classname="string_program.String_Imp2" name="test" time="0.019"/>
  <system-out/>
</testsuite> <!-- string_program.String_Imp2 -->
