<?xml version="1.0" encoding="UTF-8"?>
<!-- Generated by org.testng.reporters.JUnitReportReporter -->
<testsuite hostname="DESKTOP-R8FA6O2" failures="0" tests="1" name="Array_Practice_Program.Minimum_number_in_Array" time="0.019" errors="0" timestamp="2023-12-10T18:48:32 IST" skipped="0">
  <testcase classname="Array_Practice_Program.Minimum_number_in_Array" name="Minimum" time="0.019"/>
  <system-out/>
</testsuite> <!-- Array_Practice_Program.Minimum_number_in_Array -->
