<?xml version="1.0" encoding="UTF-8"?>
<!-- Generated by org.testng.reporters.JUnitReportReporter -->
<testsuite hostname="DESKTOP-R8FA6O2" failures="0" tests="1" name="string_program.Print_Only_Duplicate_Character_InString" time="0.016" errors="0" timestamp="2024-04-24T10:15:46 IST" skipped="0">
  <testcase classname="string_program.Print_Only_Duplicate_Character_InString" name="Duplicate" time="0.016"/>
  <system-out/>
</testsuite> <!-- string_program.Print_Only_Duplicate_Character_InString -->
