<?xml version="1.0" encoding="UTF-8"?>
<!-- Generated by org.testng.reporters.JUnitReportReporter -->
<testsuite hostname="DESKTOP-R8FA6O2" failures="0" tests="1" name="Practice_Program.First_MaximumNoArray_WithoutusingBuublesort" time="0.021" errors="0" timestamp="2023-12-06T17:20:44 IST" skipped="0">
  <testcase classname="Practice_Program.First_MaximumNoArray_WithoutusingBuublesort" name="Maximum" time="0.021"/>
  <system-out/>
</testsuite> <!-- Practice_Program.First_MaximumNoArray_WithoutusingBuublesort -->
