<?xml version="1.0" encoding="UTF-8"?>
<!-- Generated by org.testng.reporters.JUnitReportReporter -->
<testsuite hostname="DESKTOP-R8FA6O2" failures="0" tests="1" name="Number_Series_programs.Smallest_Even_No_In_Array" time="0.016" errors="0" timestamp="2023-12-08T15:42:47 IST" skipped="0">
  <testcase classname="Number_Series_programs.Smallest_Even_No_In_Array" name="SmaEvenInArray" time="0.016"/>
  <system-out/>
</testsuite> <!-- Number_Series_programs.Smallest_Even_No_In_Array -->
