<?xml version="1.0" encoding="UTF-8"?>
<!-- Generated by org.testng.reporters.JUnitReportReporter -->
<testsuite hostname="DESKTOP-R8FA6O2" failures="0" tests="1" name="Map.LinkedHashMap1_Test" time="0.032" errors="0" timestamp="2024-01-10T00:01:55 IST" skipped="0">
  <testcase classname="Map.LinkedHashMap1_Test" name="Linkedhashmap" time="0.032"/>
  <system-out/>
</testsuite> <!-- Map.LinkedHashMap1_Test -->
