<?xml version="1.0" encoding="UTF-8"?>
<!-- Generated by org.testng.reporters.JUnitReportReporter -->
<testsuite hostname="DESKTOP-R8FA6O2" failures="0" tests="1" name="string_program.Reverse_String1" time="0.059" errors="0" timestamp="2024-02-17T19:35:27 IST" skipped="0">
  <testcase classname="string_program.Reverse_String1" name="ReverseTest" time="0.059"/>
  <system-out/>
</testsuite> <!-- string_program.Reverse_String1 -->
