<?xml version="1.0" encoding="UTF-8"?>
<!-- Generated by org.testng.reporters.JUnitReportReporter -->
<testsuite hostname="DESKTOP-R8FA6O2" failures="0" tests="1" name="Practice_Program.MaximumNumber_InArray" time="0.020" errors="0" timestamp="2023-12-06T16:30:03 IST" skipped="0">
  <testcase classname="Practice_Program.MaximumNumber_InArray" name="Maximum" time="0.020"/>
  <system-out/>
</testsuite> <!-- Practice_Program.MaximumNumber_InArray -->
