<?xml version="1.0" encoding="UTF-8"?>
<!-- Generated by org.testng.reporters.JUnitReportReporter -->
<testsuite hostname="DESKTOP-R8FA6O2" failures="0" tests="1" name="string_program.A_Panagram" time="0.024" errors="0" timestamp="2024-05-13T10:36:18 IST" skipped="0">
  <testcase classname="string_program.A_Panagram" name="test11" time="0.024"/>
  <system-out/>
</testsuite> <!-- string_program.A_Panagram -->
