<?xml version="1.0" encoding="UTF-8"?>
<!-- Generated by org.testng.reporters.JUnitReportReporter -->
<testsuite hostname="DESKTOP-R8FA6O2" failures="0" tests="1" name="IBM.Longest_String" time="0.016" errors="0" timestamp="2024-06-11T15:55:37 IST" skipped="0">
  <testcase classname="IBM.Longest_String" name="test" time="0.016"/>
  <system-out/>
</testsuite> <!-- IBM.Longest_String -->
