<?xml version="1.0" encoding="UTF-8"?>
<!-- Generated by org.testng.reporters.JUnitReportReporter -->
<testsuite hostname="DESKTOP-R8FA6O2" failures="0" tests="1" name="string_program.Reverse_Split_Each_Word" time="0.024" errors="0" timestamp="2024-03-20T12:14:53 IST" skipped="0">
  <testcase classname="string_program.Reverse_Split_Each_Word" name="test" time="0.024"/>
  <system-out/>
</testsuite> <!-- string_program.Reverse_Split_Each_Word -->
