<?xml version="1.0" encoding="UTF-8"?>
<!-- Generated by org.testng.reporters.JUnitReportReporter -->
<testsuite hostname="DESKTOP-R8FA6O2" failures="0" tests="1" name="IBM.Maximum_Occurance_Of_Character_In_Word" time="0.018" errors="0" timestamp="2024-06-11T13:13:55 IST" skipped="0">
  <testcase classname="IBM.Maximum_Occurance_Of_Character_In_Word" name="test" time="0.018"/>
  <system-out/>
</testsuite> <!-- IBM.Maximum_Occurance_Of_Character_In_Word -->
