<?xml version="1.0" encoding="UTF-8"?>
<!-- Generated by org.testng.reporters.JUnitReportReporter -->
<testsuite hostname="DESKTOP-R8FA6O2" failures="0" tests="1" name="Number_Series_programs.Print_Number_Which_Is_Divisible_5_From_1_To_100" time="0.014" errors="0" timestamp="2024-06-05T18:14:06 IST" skipped="0">
  <testcase classname="Number_Series_programs.Print_Number_Which_Is_Divisible_5_From_1_To_100" name="test" time="0.014"/>
  <system-out/>
</testsuite> <!-- Number_Series_programs.Print_Number_Which_Is_Divisible_5_From_1_To_100 -->
