<?xml version="1.0" encoding="UTF-8"?>
<!-- Generated by org.testng.reporters.JUnitReportReporter -->
<testsuite hostname="DESKTOP-R8FA6O2" failures="0" tests="1" name="IBM.Student_Driver" time="9.494" errors="0" timestamp="2024-06-11T17:02:20 IST" skipped="0">
  <testcase classname="IBM.Student_Driver" name="setStudentDetails" time="9.494"/>
  <system-out/>
</testsuite> <!-- IBM.Student_Driver -->
