<?xml version="1.0" encoding="UTF-8"?>
<!-- Generated by org.testng.reporters.JUnitReportReporter -->
<testsuite hostname="DESKTOP-R8FA6O2" failures="0" tests="1" name="Number_Series_programs.Prime_Number_From_1_30" time="0.018" errors="0" timestamp="2024-04-16T16:30:34 IST" skipped="0">
  <testcase classname="Number_Series_programs.Prime_Number_From_1_30" name="Prime" time="0.018"/>
  <system-out/>
</testsuite> <!-- Number_Series_programs.Prime_Number_From_1_30 -->
