<?xml version="1.0" encoding="UTF-8"?>
<!-- Generated by org.testng.reporters.JUnitReportReporter -->
<testsuite hostname="DESKTOP-R8FA6O2" failures="0" tests="1" name="Array_Practice_Program.With_Position_Occurance_of_Each_Character_In_String_Using_HashMap" time="0.021" errors="0" timestamp="2024-02-23T13:28:48 IST" skipped="0">
  <testcase classname="Array_Practice_Program.With_Position_Occurance_of_Each_Character_In_String_Using_HashMap" name="Occurance" time="0.021"/>
  <system-out/>
</testsuite> <!-- Array_Practice_Program.With_Position_Occurance_of_Each_Character_In_String_Using_HashMap -->
