<?xml version="1.0" encoding="UTF-8"?>
<!-- Generated by org.testng.reporters.JUnitReportReporter -->
<testsuite hostname="DESKTOP-R8FA6O2" failures="0" tests="1" name="Pattern_Program.Pattern5" time="0.082" errors="0" timestamp="2024-01-18T12:03:29 IST" skipped="0">
  <testcase classname="Pattern_Program.Pattern5" name="pat5" time="0.082"/>
  <system-out/>
</testsuite> <!-- Pattern_Program.Pattern5 -->
