<?xml version="1.0" encoding="UTF-8"?>
<!-- Generated by org.testng.reporters.JUnitReportReporter -->
<testsuite hostname="DESKTOP-R8FA6O2" failures="0" tests="4" name="string_program.Assignment_Collection_Srting_Programs" time="0.034" errors="0" timestamp="2023-12-10T14:53:49 IST" skipped="0">
  <testcase classname="string_program.Assignment_Collection_Srting_Programs" name="OnlyDuplicatesWords" time="0.019"/>
  <system-out/>
  <testcase classname="string_program.Assignment_Collection_Srting_Programs" name="RevomeRepeatedWordsInTheString" time="0.006"/>
  <system-out/>
  <testcase classname="string_program.Assignment_Collection_Srting_Programs" name="OrderofOccurenceofEachWords" time="0.005"/>
  <system-out/>
  <testcase classname="string_program.Assignment_Collection_Srting_Programs" name="UniqueWords" time="0.004"/>
  <system-out/>
</testsuite> <!-- string_program.Assignment_Collection_Srting_Programs -->
