<?xml version="1.0" encoding="UTF-8"?>
<!-- Generated by org.testng.reporters.JUnitReportReporter -->
<testsuite hostname="DESKTOP-R8FA6O2" failures="0" tests="1" name="string_program.Unique_RemoveDuplicate_Character_In_String_Using_LinkedHashSet" time="0.079" errors="0" timestamp="2024-01-09T14:49:45 IST" skipped="0">
  <testcase classname="string_program.Unique_RemoveDuplicate_Character_In_String_Using_LinkedHashSet" name="t" time="0.079"/>
  <system-out/>
</testsuite> <!-- string_program.Unique_RemoveDuplicate_Character_In_String_Using_LinkedHashSet -->
