<?xml version="1.0" encoding="UTF-8"?>
<!-- Generated by org.testng.reporters.JUnitReportReporter -->
<testsuite hostname="DESKTOP-R8FA6O2" failures="0" tests="1" name="Pattern_Program.Pattern10" time="0.017" errors="0" timestamp="2023-12-08T14:42:58 IST" skipped="0">
  <testcase classname="Pattern_Program.Pattern10" name="pat10" time="0.017"/>
  <system-out/>
</testsuite> <!-- Pattern_Program.Pattern10 -->
