<?xml version="1.0" encoding="UTF-8"?>
<!-- Generated by org.testng.reporters.JUnitReportReporter -->
<testsuite hostname="DESKTOP-R8FA6O2" failures="0" tests="1" name="Map.HashTable1_Test" time="0.039" errors="0" timestamp="2024-01-10T00:01:20 IST" skipped="0">
  <testcase classname="Map.HashTable1_Test" name="HashTable" time="0.039"/>
  <system-out/>
</testsuite> <!-- Map.HashTable1_Test -->
