<?xml version="1.0" encoding="UTF-8"?>
<!-- Generated by org.testng.reporters.JUnitReportReporter -->
<testsuite hostname="DESKTOP-R8FA6O2" failures="0" tests="1" name="Array_Practice_Program.Print_Unique_Number_From_Two_array" time="0.071" errors="0" timestamp="2024-06-06T13:12:46 IST" skipped="0">
  <testcase classname="Array_Practice_Program.Print_Unique_Number_From_Two_array" name="test" time="0.071"/>
  <system-out/>
</testsuite> <!-- Array_Practice_Program.Print_Unique_Number_From_Two_array -->
