<?xml version="1.0" encoding="UTF-8"?>
<!-- Generated by org.testng.reporters.JUnitReportReporter -->
<testsuite hostname="DESKTOP-R8FA6O2" failures="0" tests="1" name="IBM.Maximum_Repeated_Number" time="0.016" errors="0" timestamp="2024-06-10T16:10:17 IST" skipped="0">
  <testcase classname="IBM.Maximum_Repeated_Number" name="test" time="0.016"/>
  <system-out/>
</testsuite> <!-- IBM.Maximum_Repeated_Number -->
