<?xml version="1.0" encoding="UTF-8"?>
<!-- Generated by org.testng.reporters.JUnitReportReporter -->
<testsuite hostname="DESKTOP-R8FA6O2" failures="0" tests="1" name="string_program.Order_of_Occurance_Of_Each_Character" time="0.051" errors="0" timestamp="2024-04-29T10:46:45 IST" skipped="0">
  <testcase classname="string_program.Order_of_Occurance_Of_Each_Character" name="Unique" time="0.051"/>
  <system-out/>
</testsuite> <!-- string_program.Order_of_Occurance_Of_Each_Character -->
