<?xml version="1.0" encoding="UTF-8"?>
<!-- Generated by org.testng.reporters.JUnitReportReporter -->
<testsuite hostname="DESKTOP-R8FA6O2" failures="0" tests="1" name="Pattern_Program.Pattern7" time="0.023" errors="0" timestamp="2023-12-08T13:09:53 IST" skipped="0">
  <testcase classname="Pattern_Program.Pattern7" name="pat7" time="0.023"/>
  <system-out/>
</testsuite> <!-- Pattern_Program.Pattern7 -->
