<?xml version="1.0" encoding="UTF-8"?>
<!-- Generated by org.testng.reporters.JUnitReportReporter -->
<testsuite hostname="DESKTOP-R8FA6O2" failures="0" tests="1" name="string_program.Unique_RemoveDuplicate_Character_In_String_Using_HashMap" time="0.019" errors="0" timestamp="2023-12-07T15:01:49 IST" skipped="0">
  <testcase classname="string_program.Unique_RemoveDuplicate_Character_In_String_Using_HashMap" name="Occurance" time="0.019"/>
  <system-out/>
</testsuite> <!-- string_program.Unique_RemoveDuplicate_Character_In_String_Using_HashMap -->
