<?xml version="1.0" encoding="UTF-8"?>
<!-- Generated by org.testng.reporters.JUnitReportReporter -->
<testsuite hostname="DESKTOP-R8FA6O2" failures="0" tests="1" name="MOCK_TEST.Array_Addition_Using_If_Else" time="0.019" errors="0" timestamp="2024-03-21T16:41:45 IST" skipped="0">
  <testcase classname="MOCK_TEST.Array_Addition_Using_If_Else" name="test" time="0.019"/>
  <system-out/>
</testsuite> <!-- MOCK_TEST.Array_Addition_Using_If_Else -->
