<?xml version="1.0" encoding="UTF-8"?>
<!-- Generated by org.testng.reporters.JUnitReportReporter -->
<testsuite hostname="DESKTOP-R8FA6O2" failures="0" tests="1" name="string_program.Occurence_Of_Char_Using_Collection_If_Not_Print_1" time="1.173" errors="0" timestamp="2024-05-15T13:27:35 IST" skipped="0">
  <testcase classname="string_program.Occurence_Of_Char_Using_Collection_If_Not_Print_1" name="test1" time="1.173"/>
  <system-out/>
</testsuite> <!-- string_program.Occurence_Of_Char_Using_Collection_If_Not_Print_1 -->
