<?xml version="1.0" encoding="UTF-8"?>
<!-- Generated by org.testng.reporters.JUnitReportReporter -->
<testsuite hostname="DESKTOP-R8FA6O2" failures="0" tests="1" name="Pattern_Program.Pattern4_Reverse_Left_Angle_Star_pattern" time="0.013" errors="0" timestamp="2024-05-31T12:49:54 IST" skipped="0">
  <testcase classname="Pattern_Program.Pattern4_Reverse_Left_Angle_Star_pattern" name="Single_LooP" time="0.013"/>
  <system-out/>
</testsuite> <!-- Pattern_Program.Pattern4_Reverse_Left_Angle_Star_pattern -->
