<?xml version="1.0" encoding="UTF-8"?>
<!-- Generated by org.testng.reporters.JUnitReportReporter -->
<testsuite hostname="DESKTOP-R8FA6O2" failures="0" tests="1" name="string_program.Count_Of_Character" time="0.019" errors="0" timestamp="2024-03-13T10:34:03 IST" skipped="0">
  <testcase classname="string_program.Count_Of_Character" name="test" time="0.019"/>
  <system-out/>
</testsuite> <!-- string_program.Count_Of_Character -->
