<?xml version="1.0" encoding="UTF-8"?>
<!-- Generated by org.testng.reporters.JUnitReportReporter -->
<testsuite hostname="DESKTOP-R8FA6O2" failures="0" tests="1" name="Number_Series_programs.Prime_No_In_Array" time="0.020" errors="0" timestamp="2024-03-13T15:08:55 IST" skipped="0">
  <testcase classname="Number_Series_programs.Prime_No_In_Array" name="PrimeInArray" time="0.020"/>
  <system-out/>
</testsuite> <!-- Number_Series_programs.Prime_No_In_Array -->
