<?xml version="1.0" encoding="UTF-8"?>
<!-- Generated by org.testng.reporters.JUnitReportReporter -->
<testsuite hostname="DESKTOP-R8FA6O2" failures="0" tests="1" name="Array_Practice_Program.Second_MaximumNoArray_WithoutusingBubblesort" time="0.014" errors="0" timestamp="2024-05-07T11:57:42 IST" skipped="0">
  <testcase classname="Array_Practice_Program.Second_MaximumNoArray_WithoutusingBubblesort" name="test" time="0.014"/>
  <system-out/>
</testsuite> <!-- Array_Practice_Program.Second_MaximumNoArray_WithoutusingBubblesort -->
