<?xml version="1.0" encoding="UTF-8"?>
<!-- Generated by org.testng.reporters.JUnitReportReporter -->
<testsuite hostname="DESKTOP-R8FA6O2" failures="0" tests="4" name="string_program.Reverse_String_MoreThan_3Ways" time="0.029" errors="0" timestamp="2023-12-10T17:52:43 IST" skipped="0">
  <testcase classname="string_program.Reverse_String_MoreThan_3Ways" name="Reversestring1" time="0.016"/>
  <system-out/>
  <testcase classname="string_program.Reverse_String_MoreThan_3Ways" name="Reversestring3" time="0.004"/>
  <system-out/>
  <testcase classname="string_program.Reverse_String_MoreThan_3Ways" name="Reversestring2" time="0.006"/>
  <system-out/>
  <testcase classname="string_program.Reverse_String_MoreThan_3Ways" name="Reversestring4" time="0.003"/>
  <system-out/>
</testsuite> <!-- string_program.Reverse_String_MoreThan_3Ways -->
