<?xml version="1.0" encoding="UTF-8"?>
<!-- Generated by org.testng.reporters.JUnitReportReporter -->
<testsuite hostname="DESKTOP-R8FA6O2" failures="0" tests="1" name="MOCK_TEST.Maximum_Minimum_Number_In_Array" time="0.020" errors="0" timestamp="2024-01-09T12:15:34 IST" skipped="0">
  <testcase classname="MOCK_TEST.Maximum_Minimum_Number_In_Array" name="Maximum" time="0.020"/>
  <system-out/>
</testsuite> <!-- MOCK_TEST.Maximum_Minimum_Number_In_Array -->
