<?xml version="1.0" encoding="UTF-8"?>
<!-- Generated by org.testng.reporters.JUnitReportReporter -->
<testsuite hostname="DESKTOP-R8FA6O2" failures="0" tests="1" name="string_program.With_Position_Occurance_oF_Each_Character_In_String" time="0.019" errors="0" timestamp="2024-03-04T12:49:58 IST" skipped="0">
  <testcase classname="string_program.With_Position_Occurance_oF_Each_Character_In_String" name="Occurance" time="0.019"/>
  <system-out/>
</testsuite> <!-- string_program.With_Position_Occurance_oF_Each_Character_In_String -->
