<?xml version="1.0" encoding="UTF-8"?>
<!-- Generated by org.testng.reporters.JUnitReportReporter -->
<testsuite hostname="DESKTOP-R8FA6O2" failures="0" tests="1" name="Array_Practice_Program.Missing_No_InArray_Between_1_To_9" time="0.020" errors="0" timestamp="2024-03-15T10:36:58 IST" skipped="0">
  <testcase classname="Array_Practice_Program.Missing_No_InArray_Between_1_To_9" name="Missing" time="0.020"/>
  <system-out/>
</testsuite> <!-- Array_Practice_Program.Missing_No_InArray_Between_1_To_9 -->
