<?xml version="1.0" encoding="UTF-8"?>
<!-- Generated by org.testng.reporters.JUnitReportReporter -->
<testsuite hostname="DESKTOP-R8FA6O2" failures="0" tests="1" name="Collection.HashSet1" time="0.023" errors="0" timestamp="2024-01-09T23:42:43 IST" skipped="0">
  <testcase classname="Collection.HashSet1" name="Hasshset" time="0.023"/>
  <system-out/>
</testsuite> <!-- Collection.HashSet1 -->
