<?xml version="1.0" encoding="UTF-8"?>
<!-- Generated by org.testng.reporters.JUnitReportReporter -->
<testsuite hostname="DESKTOP-R8FA6O2" failures="0" tests="1" name="Array_Practice_Program.Addnum" time="0.012" errors="0" timestamp="2024-05-08T17:01:25 IST" skipped="0">
  <testcase classname="Array_Practice_Program.Addnum" name="test1" time="0.012"/>
  <system-out/>
</testsuite> <!-- Array_Practice_Program.Addnum -->
