<?xml version="1.0" encoding="UTF-8"?>
<!-- Generated by org.testng.reporters.JUnitReportReporter -->
<testsuite hostname="DESKTOP-R8FA6O2" failures="0" tests="1" name="string_program.a1b2c1" time="0.018" errors="0" timestamp="2024-03-26T15:25:01 IST" skipped="0">
  <testcase classname="string_program.a1b2c1" name="test1" time="0.018"/>
  <system-out/>
</testsuite> <!-- string_program.a1b2c1 -->
