<?xml version="1.0" encoding="UTF-8"?>
<!-- Generated by org.testng.reporters.JUnitReportReporter -->
<testsuite hostname="DESKTOP-R8FA6O2" failures="0" tests="1" name="string_program.Occurance_Of_Character_Using_HashMap" time="0.021" errors="0" timestamp="2023-12-07T14:34:33 IST" skipped="0">
  <testcase classname="string_program.Occurance_Of_Character_Using_HashMap" name="Occurance" time="0.021"/>
  <system-out/>
</testsuite> <!-- string_program.Occurance_Of_Character_Using_HashMap -->
