<?xml version="1.0" encoding="UTF-8"?>
<!-- Generated by org.testng.reporters.JUnitReportReporter -->
<testsuite hostname="DESKTOP-R8FA6O2" failures="0" tests="1" name="MOCK_TEST.Unique_RemoveDuplicate_Character_In_String_Using_HashMap" time="0.020" errors="0" timestamp="2024-01-09T12:31:41 IST" skipped="0">
  <testcase classname="MOCK_TEST.Unique_RemoveDuplicate_Character_In_String_Using_HashMap" name="Occurance" time="0.020"/>
  <system-out/>
</testsuite> <!-- MOCK_TEST.Unique_RemoveDuplicate_Character_In_String_Using_HashMap -->
