<?xml version="1.0" encoding="UTF-8"?>
<!-- Generated by org.testng.reporters.JUnitReportReporter -->
<testsuite hostname="DESKTOP-R8FA6O2" failures="0" tests="1" name="string_program.With_Position_Occurance_oF_Each_Character_In_String" time="0.014" errors="0" timestamp="2024-05-23T15:48:45 IST" skipped="0">
  <testcase classname="string_program.With_Position_Occurance_oF_Each_Character_In_String" name="Occurance" time="0.014"/>
  <system-out/>
</testsuite> <!-- string_program.With_Position_Occurance_oF_Each_Character_In_String -->
