<?xml version="1.0" encoding="UTF-8"?>
<!-- Generated by org.testng.reporters.JUnitReportReporter -->
<testsuite hostname="DESKTOP-R8FA6O2" failures="0" tests="1" name="string_program.Reverse_the_Last_Half_String" time="0.018" errors="0" timestamp="2024-04-07T17:55:15 IST" skipped="0">
  <testcase classname="string_program.Reverse_the_Last_Half_String" name="test" time="0.018"/>
  <system-out/>
</testsuite> <!-- string_program.Reverse_the_Last_Half_String -->
