<?xml version="1.0" encoding="UTF-8"?>
<!-- Generated by org.testng.reporters.JUnitReportReporter -->
<testsuite hostname="DESKTOP-R8FA6O2" failures="0" tests="1" name="Number_Series_programs.Special_No" time="0.018" errors="0" timestamp="2024-03-13T14:45:35 IST" skipped="0">
  <testcase classname="Number_Series_programs.Special_No" name="test" time="0.018"/>
  <system-out/>
</testsuite> <!-- Number_Series_programs.Special_No -->
