<?xml version="1.0" encoding="UTF-8"?>
<!-- Generated by org.testng.reporters.JUnitReportReporter -->
<testsuite hostname="DESKTOP-R8FA6O2" failures="0" tests="1" name="Pattern_Program.b" time="0.016" errors="0" timestamp="2024-05-22T17:13:26 IST" skipped="0">
  <testcase classname="Pattern_Program.b" name="Pattern13_Diamond_Using_2Loop" time="0.016"/>
  <system-out/>
</testsuite> <!-- Pattern_Program.b -->
