<?xml version="1.0" encoding="UTF-8"?>
<!-- Generated by org.testng.reporters.JUnitReportReporter -->
<testsuite hostname="DESKTOP-R8FA6O2" failures="0" tests="1" name="string_program.Swap_1st_And_LastWord_InString" time="0.055" errors="0" timestamp="2023-12-10T16:01:15 IST" skipped="0">
  <testcase classname="string_program.Swap_1st_And_LastWord_InString" name="Swap1stAnd2ndFromString" time="0.055"/>
  <system-out/>
</testsuite> <!-- string_program.Swap_1st_And_LastWord_InString -->
