<?xml version="1.0" encoding="UTF-8"?>
<!-- Generated by org.testng.reporters.JUnitReportReporter -->
<testsuite hostname="DESKTOP-R8FA6O2" failures="0" tests="1" name="Pattern_Program.Pattern11" time="0.020" errors="0" timestamp="2024-05-22T17:09:29 IST" skipped="0">
  <testcase classname="Pattern_Program.Pattern11" name="test" time="0.020"/>
  <system-out/>
</testsuite> <!-- Pattern_Program.Pattern11 -->
