<?xml version="1.0" encoding="UTF-8"?>
<!-- Generated by org.testng.reporters.JUnitReportReporter -->
<testsuite hostname="DESKTOP-R8FA6O2" failures="0" tests="1" name="MOCK_TEST.First_Min_And_Second_Min_And_First_Max_And_Second_Max" time="0.018" errors="0" timestamp="2024-01-09T12:11:39 IST" skipped="0">
  <testcase classname="MOCK_TEST.First_Min_And_Second_Min_And_First_Max_And_Second_Max" name="test" time="0.018"/>
  <system-out/>
</testsuite> <!-- MOCK_TEST.First_Min_And_Second_Min_And_First_Max_And_Second_Max -->
