<?xml version="1.0" encoding="UTF-8"?>
<!-- Generated by org.testng.reporters.JUnitReportReporter -->
<testsuite hostname="DESKTOP-R8FA6O2" failures="0" tests="1" name="string_program.Reverse_Each_Word_In_String" time="0.045" errors="0" timestamp="2024-04-04T17:53:04 IST" skipped="0">
  <testcase classname="string_program.Reverse_Each_Word_In_String" name="ReverseWord1" time="0.045"/>
  <system-out/>
</testsuite> <!-- string_program.Reverse_Each_Word_In_String -->
