<?xml version="1.0" encoding="UTF-8"?>
<!-- Generated by org.testng.reporters.JUnitReportReporter -->
<testsuite hostname="DESKTOP-R8FA6O2" failures="0" tests="1" name="string_program.Swap_1st_And_LatWord_InString" time="0.022" errors="0" timestamp="2023-12-07T11:26:35 IST" skipped="0">
  <testcase classname="string_program.Swap_1st_And_LatWord_InString" name="Swap1stAnd2ndFromString" time="0.022"/>
  <system-out/>
</testsuite> <!-- string_program.Swap_1st_And_LatWord_InString -->
