<?xml version="1.0" encoding="UTF-8"?>
<!-- Generated by org.testng.reporters.JUnitReportReporter -->
<testsuite hostname="DESKTOP-R8FA6O2" failures="0" tests="1" name="string_program.Reverse_Each_Word_In_String" time="0.022" errors="0" timestamp="2024-03-13T13:04:29 IST" skipped="0">
  <testcase classname="string_program.Reverse_Each_Word_In_String" name="ReverseWord3_Approach1" time="0.022"/>
  <system-out/>
</testsuite> <!-- string_program.Reverse_Each_Word_In_String -->
