<?xml version="1.0" encoding="UTF-8"?>
<!-- Generated by org.testng.reporters.JUnitReportReporter -->
<testsuite hostname="DESKTOP-R8FA6O2" failures="0" tests="1" name="Collection.Arraylist" time="0.022" errors="0" timestamp="2023-12-06T11:29:11 IST" skipped="0">
  <testcase classname="Collection.Arraylist" name="arrayList" time="0.022"/>
  <system-out/>
</testsuite> <!-- Collection.Arraylist -->
