<?xml version="1.0" encoding="UTF-8"?>
<!-- Generated by org.testng.reporters.JUnitReportReporter -->
<testsuite hostname="DESKTOP-R8FA6O2" failures="0" tests="1" name="string_program.Maximum_Length_In_A_String" time="0.019" errors="0" timestamp="2024-03-15T14:55:31 IST" skipped="0">
  <testcase classname="string_program.Maximum_Length_In_A_String" name="test" time="0.019"/>
  <system-out/>
</testsuite> <!-- string_program.Maximum_Length_In_A_String -->
