<?xml version="1.0" encoding="UTF-8"?>
<!-- Generated by org.testng.reporters.JUnitReportReporter -->
<testsuite hostname="DESKTOP-R8FA6O2" failures="0" tests="1" name="string_program.A_Panagram" time="0.100" errors="0" timestamp="2024-05-08T14:39:36 IST" skipped="0">
  <testcase classname="string_program.A_Panagram" name="test" time="0.100"/>
  <system-out/>
</testsuite> <!-- string_program.A_Panagram -->
