<?xml version="1.0" encoding="UTF-8"?>
<!-- Generated by org.testng.reporters.JUnitReportReporter -->
<testsuite hostname="DESKTOP-R8FA6O2" failures="0" tests="1" name="string_program.a" time="0.014" errors="0" timestamp="2024-04-07T16:27:32 IST" skipped="0">
  <testcase classname="string_program.a" name="test" time="0.014"/>
  <system-out/>
</testsuite> <!-- string_program.a -->
