<?xml version="1.0" encoding="UTF-8"?>
<!-- Generated by org.testng.reporters.JUnitReportReporter -->
<testsuite hostname="DESKTOP-R8FA6O2" failures="0" tests="1" name="Pattern_Program.Pattern2_Reverse_Right_Angle_Triangle" time="0.014" errors="0" timestamp="2024-05-31T12:24:25 IST" skipped="0">
  <testcase classname="Pattern_Program.Pattern2_Reverse_Right_Angle_Triangle" name="Two_Loop" time="0.014"/>
  <system-out/>
</testsuite> <!-- Pattern_Program.Pattern2_Reverse_Right_Angle_Triangle -->
