<?xml version="1.0" encoding="UTF-8"?>
<!-- Generated by org.testng.reporters.JUnitReportReporter -->
<testsuite hostname="DESKTOP-R8FA6O2" failures="0" tests="1" name="string_program.Reverse_Character_Integer_And_Special_Character_Position_Same" time="0.019" errors="0" timestamp="2024-02-15T09:58:39 IST" skipped="0">
  <testcase classname="string_program.Reverse_Character_Integer_And_Special_Character_Position_Same" name="test1" time="0.019"/>
  <system-out/>
</testsuite> <!-- string_program.Reverse_Character_Integer_And_Special_Character_Position_Same -->
