<?xml version="1.0" encoding="UTF-8"?>
<!-- Generated by org.testng.reporters.JUnitReportReporter -->
<testsuite hostname="DESKTOP-R8FA6O2" failures="0" tests="1" name="Array_Practice_Program.Array_unique_2Integer" time="0.050" errors="0" timestamp="2024-04-15T14:31:26 IST" skipped="0">
  <testcase classname="Array_Practice_Program.Array_unique_2Integer" name="test1" time="0.050"/>
  <system-out/>
</testsuite> <!-- Array_Practice_Program.Array_unique_2Integer -->
