<?xml version="1.0" encoding="UTF-8"?>
<!-- Generated by org.testng.reporters.JUnitReportReporter -->
<testsuite hostname="DESKTOP-R8FA6O2" failures="0" tests="1" name="Array_Practice_Program.Swap2Nos_WithoutUsing_3rdVariable" time="0.016" errors="0" timestamp="2023-12-10T19:51:53 IST" skipped="0">
  <testcase classname="Array_Practice_Program.Swap2Nos_WithoutUsing_3rdVariable" name="swap2numberwithoutusing3rdvariable" time="0.016"/>
  <system-out/>
</testsuite> <!-- Array_Practice_Program.Swap2Nos_WithoutUsing_3rdVariable -->
