<?xml version="1.0" encoding="UTF-8"?>
<!-- Generated by org.testng.reporters.JUnitReportReporter -->
<testsuite hostname="DESKTOP-R8FA6O2" failures="0" tests="1" name="Map.LinkedHashMap1_Test" time="0.023" errors="0" timestamp="2023-12-06T14:42:46 IST" skipped="0">
  <testcase classname="Map.LinkedHashMap1_Test" name="Linkedhashmap" time="0.023"/>
  <system-out/>
</testsuite> <!-- Map.LinkedHashMap1_Test -->
