<?xml version="1.0" encoding="UTF-8"?>
<!-- Generated by org.testng.reporters.JUnitReportReporter -->
<testsuite hostname="DESKTOP-R8FA6O2" failures="0" tests="1" name="string_program.Convert_Alternate_String_To_Lowercase_Into_Uppercase" time="0.035" errors="0" timestamp="2024-06-05T17:47:08 IST" skipped="0">
  <testcase classname="string_program.Convert_Alternate_String_To_Lowercase_Into_Uppercase" name="test" time="0.035"/>
  <system-out/>
</testsuite> <!-- string_program.Convert_Alternate_String_To_Lowercase_Into_Uppercase -->
