<?xml version="1.0" encoding="UTF-8"?>
<!-- Generated by org.testng.reporters.JUnitReportReporter -->
<testsuite hostname="DESKTOP-R8FA6O2" failures="0" tests="1" name="Practice_Program.Multiplication_Of_Minimum3_No_InArray" time="0.023" errors="0" timestamp="2023-12-06T16:51:23 IST" skipped="0">
  <testcase classname="Practice_Program.Multiplication_Of_Minimum3_No_InArray" name="MultiplicationofMinimum3NoinArray" time="0.023"/>
  <system-out/>
</testsuite> <!-- Practice_Program.Multiplication_Of_Minimum3_No_InArray -->
