<?xml version="1.0" encoding="UTF-8"?>
<!-- Generated by org.testng.reporters.JUnitReportReporter -->
<testsuite hostname="DESKTOP-R8FA6O2" failures="0" tests="1" name="IBM.Remove_Duplicates_From_A_String" time="0.013" errors="0" timestamp="2024-06-11T12:07:57 IST" skipped="0">
  <testcase classname="IBM.Remove_Duplicates_From_A_String" name="test" time="0.013"/>
  <system-out/>
</testsuite> <!-- IBM.Remove_Duplicates_From_A_String -->
