<?xml version="1.0" encoding="UTF-8"?>
<!-- Generated by org.testng.reporters.JUnitReportReporter -->
<testsuite hostname="DESKTOP-R8FA6O2" failures="0" tests="1" name="MOCK_TEST.Occurance_oF_Each_Character_In_String" time="0.026" errors="0" timestamp="2024-01-09T12:23:18 IST" skipped="0">
  <testcase classname="MOCK_TEST.Occurance_oF_Each_Character_In_String" name="Occurance" time="0.026"/>
  <system-out/>
</testsuite> <!-- MOCK_TEST.Occurance_oF_Each_Character_In_String -->
