<?xml version="1.0" encoding="UTF-8"?>
<!-- Generated by org.testng.reporters.JUnitReportReporter -->
<testsuite hostname="DESKTOP-R8FA6O2" failures="0" tests="2" name="Pattern_Program.Pattern2" time="0.028" errors="0" timestamp="2023-12-08T13:06:31 IST" skipped="0">
  <testcase classname="Pattern_Program.Pattern2" name="Pat22" time="0.007"/>
  <system-out/>
  <testcase classname="Pattern_Program.Pattern2" name="Pat2" time="0.021"/>
  <system-out/>
</testsuite> <!-- Pattern_Program.Pattern2 -->
