<?xml version="1.0" encoding="UTF-8"?>
<!-- Generated by org.testng.reporters.JUnitReportReporter -->
<testsuite hostname="DESKTOP-R8FA6O2" failures="0" tests="1" name="Number_Series_programs.Factorial_Series" time="0.019" errors="0" timestamp="2024-01-10T00:04:38 IST" skipped="0">
  <testcase classname="Number_Series_programs.Factorial_Series" name="Factorial" time="0.019"/>
  <system-out/>
</testsuite> <!-- Number_Series_programs.Factorial_Series -->
