<?xml version="1.0" encoding="UTF-8"?>
<!-- Generated by org.testng.reporters.JUnitReportReporter -->
<testsuite hostname="DESKTOP-R8FA6O2" failures="0" tests="1" name="IBM.Alternate_Character_Into_Upper_case" time="0.013" errors="0" timestamp="2024-06-11T13:00:14 IST" skipped="0">
  <testcase classname="IBM.Alternate_Character_Into_Upper_case" name="test1" time="0.013"/>
  <system-out/>
</testsuite> <!-- IBM.Alternate_Character_Into_Upper_case -->
