<?xml version="1.0" encoding="UTF-8"?>
<!-- Generated by org.testng.reporters.JUnitReportReporter -->
<testsuite hostname="DESKTOP-R8FA6O2" failures="0" tests="1" name="Array_Practice_Program.MaximumNumber_InArray" time="0.015" errors="0" timestamp="2024-02-07T10:23:10 IST" skipped="0">
  <testcase classname="Array_Practice_Program.MaximumNumber_InArray" name="Maximum" time="0.015"/>
  <system-out/>
</testsuite> <!-- Array_Practice_Program.MaximumNumber_InArray -->
