<?xml version="1.0" encoding="UTF-8"?>
<!-- Generated by org.testng.reporters.JUnitReportReporter -->
<testsuite hostname="DESKTOP-R8FA6O2" failures="0" tests="1" name="Collection.LinkedHashSet1" time="0.018" errors="0" timestamp="2024-01-09T23:47:30 IST" skipped="0">
  <testcase classname="Collection.LinkedHashSet1" name="linkedhashset" time="0.018"/>
  <system-out/>
</testsuite> <!-- Collection.LinkedHashSet1 -->
