<?xml version="1.0" encoding="UTF-8"?>
<!-- Generated by org.testng.reporters.JUnitReportReporter -->
<testsuite hostname="DESKTOP-R8FA6O2" failures="0" tests="1" name="IBM.Print_Even_Number" time="0.053" errors="0" timestamp="2024-06-10T14:40:27 IST" skipped="0">
  <testcase classname="IBM.Print_Even_Number" name="test" time="0.053"/>
  <system-out/>
</testsuite> <!-- IBM.Print_Even_Number -->
