<?xml version="1.0" encoding="UTF-8"?>
<!-- Generated by org.testng.reporters.JUnitReportReporter -->
<testsuite hostname="DESKTOP-R8FA6O2" failures="0" tests="1" name="string_program.Count_Of_Upper_Case" time="0.020" errors="0" timestamp="2024-03-05T17:13:21 IST" skipped="0">
  <testcase classname="string_program.Count_Of_Upper_Case" name="test" time="0.020"/>
  <system-out/>
</testsuite> <!-- string_program.Count_Of_Upper_Case -->
