<?xml version="1.0" encoding="UTF-8"?>
<!-- Generated by org.testng.reporters.JUnitReportReporter -->
<testsuite hostname="DESKTOP-R8FA6O2" failures="0" tests="1" name="string_program.Print_Vowels_WithOut_Duplicate_Using_LInkedHashSet" time="0.018" errors="0" timestamp="2024-03-29T17:57:19 IST" skipped="0">
  <testcase classname="string_program.Print_Vowels_WithOut_Duplicate_Using_LInkedHashSet" name="VowelsWoDuplicate" time="0.018"/>
  <system-out/>
</testsuite> <!-- string_program.Print_Vowels_WithOut_Duplicate_Using_LInkedHashSet -->
