<?xml version="1.0" encoding="UTF-8"?>
<!-- Generated by org.testng.reporters.JUnitReportReporter -->
<testsuite hostname="DESKTOP-R8FA6O2" failures="0" tests="1" name="Collection.HashSet1" time="0.020" errors="0" timestamp="2023-12-10T11:37:20 IST" skipped="0">
  <testcase classname="Collection.HashSet1" name="Hasshset" time="0.020"/>
  <system-out/>
</testsuite> <!-- Collection.HashSet1 -->
