<?xml version="1.0" encoding="UTF-8"?>
<!-- Generated by org.testng.reporters.JUnitReportReporter -->
<testsuite hostname="DESKTOP-R8FA6O2" failures="0" tests="1" name="Array_Practice_Program.Sum_Of_Maximum3_No_InArray" time="0.018" errors="0" timestamp="2024-01-09T11:56:11 IST" skipped="0">
  <testcase classname="Array_Practice_Program.Sum_Of_Maximum3_No_InArray" name="sumofMaximum3NoinArray" time="0.018"/>
  <system-out/>
</testsuite> <!-- Array_Practice_Program.Sum_Of_Maximum3_No_InArray -->
