<?xml version="1.0" encoding="UTF-8"?>
<!-- Generated by org.testng.reporters.JUnitReportReporter -->
<testsuite hostname="DESKTOP-R8FA6O2" failures="0" tests="1" name="string_program.a" time="0.021" errors="0" timestamp="2024-05-23T16:09:24 IST" skipped="0">
  <testcase classname="string_program.a" name="test" time="0.021"/>
  <system-out/>
</testsuite> <!-- string_program.a -->
