<?xml version="1.0" encoding="UTF-8"?>
<!-- Generated by org.testng.reporters.JUnitReportReporter -->
<testsuite hostname="DESKTOP-R8FA6O2" failures="0" tests="1" name="string_program.Remove_Consecutive_Character" time="0.013" errors="0" timestamp="2024-06-11T15:53:40 IST" skipped="0">
  <testcase classname="string_program.Remove_Consecutive_Character" name="removeCon" time="0.013"/>
  <system-out/>
</testsuite> <!-- string_program.Remove_Consecutive_Character -->
