<?xml version="1.0" encoding="UTF-8"?>
<!-- Generated by org.testng.reporters.JUnitReportReporter -->
<testsuite hostname="DESKTOP-R8FA6O2" failures="0" tests="1" name="Array_Practice_Program.Sum_Of_Maximum3_No_InArray" time="0.014" errors="0" timestamp="2023-12-10T11:09:46 IST" skipped="0">
  <testcase classname="Array_Practice_Program.Sum_Of_Maximum3_No_InArray" name="sumofMaximum3NoinArray" time="0.014"/>
  <system-out/>
</testsuite> <!-- Array_Practice_Program.Sum_Of_Maximum3_No_InArray -->
