<?xml version="1.0" encoding="UTF-8"?>
<!-- Generated by org.testng.reporters.JUnitReportReporter -->
<testsuite hostname="DESKTOP-R8FA6O2" failures="0" tests="1" name="string_program.Occurance_Of_EachCharacter_Using_LinkedHashSet" time="0.052" errors="0" timestamp="2024-01-09T15:09:37 IST" skipped="0">
  <testcase classname="string_program.Occurance_Of_EachCharacter_Using_LinkedHashSet" name="t" time="0.052"/>
  <system-out/>
</testsuite> <!-- string_program.Occurance_Of_EachCharacter_Using_LinkedHashSet -->
