<?xml version="1.0" encoding="UTF-8"?>
<!-- Generated by org.testng.reporters.JUnitReportReporter -->
<testsuite hostname="DESKTOP-R8FA6O2" failures="0" tests="1" name="string_program.Enter_common_length" time="3.163" errors="0" timestamp="2024-05-07T12:26:06 IST" skipped="0">
  <testcase classname="string_program.Enter_common_length" name="test" time="3.163"/>
  <system-out/>
</testsuite> <!-- string_program.Enter_common_length -->
