<?xml version="1.0" encoding="UTF-8"?>
<!-- Generated by org.testng.reporters.JUnitReportReporter -->
<testsuite hostname="DESKTOP-R8FA6O2" failures="0" tests="1" name="string_program.Reverse_And_Print_Only_IntegerValues" time="0.018" errors="0" timestamp="2024-06-10T16:26:46 IST" skipped="0">
  <testcase classname="string_program.Reverse_And_Print_Only_IntegerValues" name="ReverseInteger" time="0.018"/>
  <system-out/>
</testsuite> <!-- string_program.Reverse_And_Print_Only_IntegerValues -->
