<?xml version="1.0" encoding="UTF-8"?>
<!-- Generated by org.testng.reporters.JUnitReportReporter -->
<testsuite hostname="DESKTOP-R8FA6O2" failures="0" tests="1" name="string_program.Segrigate_Alpha_Numeric_Special_Character" time="0.013" errors="0" timestamp="2024-05-06T17:13:45 IST" skipped="0">
  <testcase classname="string_program.Segrigate_Alpha_Numeric_Special_Character" name="segrigate" time="0.013"/>
  <system-out/>
</testsuite> <!-- string_program.Segrigate_Alpha_Numeric_Special_Character -->
