<?xml version="1.0" encoding="UTF-8"?>
<!-- Generated by org.testng.reporters.JUnitReportReporter -->
<testsuite hostname="DESKTOP-R8FA6O2" failures="0" tests="1" name="string_program.Assignment_Map_String_Program" time="0.033" errors="0" timestamp="2024-01-09T18:04:36 IST" skipped="0">
  <testcase classname="string_program.Assignment_Map_String_Program" name="UniquesWords" time="0.033"/>
  <system-out/>
</testsuite> <!-- string_program.Assignment_Map_String_Program -->
