<?xml version="1.0" encoding="UTF-8"?>
<!-- Generated by org.testng.reporters.JUnitReportReporter -->
<testsuite hostname="DESKTOP-R8FA6O2" failures="0" tests="1" name="Array_Practice_Program.FindFrequentlyRepeatedNumberInArray" time="0.021" errors="0" timestamp="2024-03-08T15:45:49 IST" skipped="0">
  <testcase classname="Array_Practice_Program.FindFrequentlyRepeatedNumberInArray" name="frequentlyRepeated" time="0.021"/>
  <system-out/>
</testsuite> <!-- Array_Practice_Program.FindFrequentlyRepeatedNumberInArray -->
