<?xml version="1.0" encoding="UTF-8"?>
<!-- Generated by org.testng.reporters.JUnitReportReporter -->
<testsuite hostname="DESKTOP-R8FA6O2" failures="0" tests="1" name="string_program.Find_Maximum_LengthValues_In_String_Array" time="0.017" errors="0" timestamp="2023-12-10T15:43:45 IST" skipped="0">
  <testcase classname="string_program.Find_Maximum_LengthValues_In_String_Array" name="MaxLength" time="0.017"/>
  <system-out/>
</testsuite> <!-- string_program.Find_Maximum_LengthValues_In_String_Array -->
