<?xml version="1.0" encoding="UTF-8"?>
<!-- Generated by org.testng.reporters.JUnitReportReporter -->
<testsuite hostname="DESKTOP-R8FA6O2" failures="0" tests="1" name="string_program.Unique_RemoveDuplicate_Character_In_String" time="0.018" errors="0" timestamp="2024-04-24T19:53:24 IST" skipped="0">
  <testcase classname="string_program.Unique_RemoveDuplicate_Character_In_String" name="Unique" time="0.018"/>
  <system-out/>
</testsuite> <!-- string_program.Unique_RemoveDuplicate_Character_In_String -->
