<?xml version="1.0" encoding="UTF-8"?>
<!-- Generated by org.testng.reporters.JUnitReportReporter -->
<testsuite hostname="DESKTOP-R8FA6O2" failures="0" tests="1" name="Array_Practice_Program.Array_Descending_With_Bubble_Sort_Using_2Integer_Array" time="0.024" errors="0" timestamp="2024-03-21T13:58:26 IST" skipped="0">
  <testcase classname="Array_Practice_Program.Array_Descending_With_Bubble_Sort_Using_2Integer_Array" name="test1" time="0.024"/>
  <system-out/>
</testsuite> <!-- Array_Practice_Program.Array_Descending_With_Bubble_Sort_Using_2Integer_Array -->
